Using pre-set license
Built from 'trunk' branch; Version is '6000.0.3f1 (019aa96b6ed9) revision 105129'; Using compiler version '193933522'; Build Type 'Release'
OS: 'Windows 11  (10.0.22631) 64bit Professional' Language: 'pt' Physical Memory: 32167 MB
BatchMode: 1, IsHumanControllingUs: 0, StartBugReporterOnCrash: 0, Is64bit: 1, IsPro: 1

COMMAND LINE ARGUMENTS:
C:\Unity\Hub\Editor\6000.0.3f1\Editor\Unity.exe
-adb2
-batchMode
-noUpm
-name
AssetImportWorker6
-projectPath
C:/Users/arthu/Documentos/GitHub/AbSolitude
-logFile
Logs/AssetImportWorker6.log
-srvPort
57095
-job-worker-count
7
-background-job-worker-count
8
-asset-garbage-collectors
1
Successfully changed project path to: C:/Users/arthu/Documentos/GitHub/AbSolitude
C:/Users/arthu/Documentos/GitHub/AbSolitude
[UnityMemory] Configuration Parameters - Can be set up in boot.config
    "memorysetup-bucket-allocator-granularity=16"
    "memorysetup-bucket-allocator-bucket-count=8"
    "memorysetup-bucket-allocator-block-size=33554432"
    "memorysetup-bucket-allocator-block-count=8"
    "memorysetup-main-allocator-block-size=16777216"
    "memorysetup-thread-allocator-block-size=16777216"
    "memorysetup-gfx-main-allocator-block-size=16777216"
    "memorysetup-gfx-thread-allocator-block-size=16777216"
    "memorysetup-cache-allocator-block-size=4194304"
    "memorysetup-typetree-allocator-block-size=2097152"
    "memorysetup-profiler-bucket-allocator-granularity=16"
    "memorysetup-profiler-bucket-allocator-bucket-count=8"
    "memorysetup-profiler-bucket-allocator-block-size=33554432"
    "memorysetup-profiler-bucket-allocator-block-count=8"
    "memorysetup-profiler-allocator-block-size=16777216"
    "memorysetup-profiler-editor-allocator-block-size=1048576"
    "memorysetup-temp-allocator-size-main=16777216"
    "memorysetup-job-temp-allocator-block-size=2097152"
    "memorysetup-job-temp-allocator-block-size-background=1048576"
    "memorysetup-job-temp-allocator-reduction-small-platforms=262144"
    "memorysetup-allocator-temp-initial-block-size-main=262144"
    "memorysetup-allocator-temp-initial-block-size-worker=262144"
    "memorysetup-temp-allocator-size-background-worker=32768"
    "memorysetup-temp-allocator-size-job-worker=262144"
    "memorysetup-temp-allocator-size-preload-manager=33554432"
    "memorysetup-temp-allocator-size-nav-mesh-worker=65536"
    "memorysetup-temp-allocator-size-audio-worker=65536"
    "memorysetup-temp-allocator-size-cloud-worker=32768"
    "memorysetup-temp-allocator-size-gi-baking-worker=262144"
    "memorysetup-temp-allocator-size-gi-baking-worker=262144"
    "memorysetup-temp-allocator-size-gi-baking-worker=262144"
    "memorysetup-temp-allocator-size-gi-baking-worker=262144"
    "memorysetup-temp-allocator-size-gi-baking-worker=262144"
    "memorysetup-temp-allocator-size-gfx=262144"
Player connection [39340]  Target information:

Player connection [39340]  * "[IP] 192.168.15.2 [Port] 0 [Flags] 2 [Guid] 1353731868 [EditorId] 1353731868 [Version] 1048832 [Id] WindowsEditor(7,ARTHUR-DESKTOP) [Debug] 1 [PackageName] WindowsEditor [ProjectName] Editor" 

Player connection [39340]  * "[IP] 192.168.0.2 [Port] 0 [Flags] 2 [Guid] 1353731868 [EditorId] 1353731868 [Version] 1048832 [Id] WindowsEditor(7,ARTHUR-DESKTOP) [Debug] 1 [PackageName] WindowsEditor [ProjectName] Editor" 

Player connection [39340] Host joined multi-casting on [225.0.0.222:54997]...
Player connection [39340] Host joined alternative multi-casting on [225.0.0.222:34997]...
JobSystem: Creating JobQueue using job-worker-count value 7
Library Redirect Path: Library/
[PhysX] Initialized MultithreadedTaskDispatcher with 8 workers.
Refreshing native plugins compatible for Editor in 495.50 ms, found 4 plugins.
Preloading 0 native plugins for Editor in 0.00 ms.
Initialize engine version: 6000.0.3f1 (019aa96b6ed9)
[Subsystems] Discovering subsystems at path C:/Unity/Hub/Editor/6000.0.3f1/Editor/Data/Resources/UnitySubsystems
[Subsystems] Discovering subsystems at path C:/Users/arthu/Documentos/GitHub/AbSolitude/Assets
GfxDevice: creating device client; kGfxThreadingModeNonThreaded
Direct3D:
    Version:  Direct3D 11.0 [level 11.1]
    Renderer: NVIDIA GeForce RTX 2060 (ID=0x1e89)
    Vendor:   NVIDIA
    VRAM:     5945 MB
    Driver:   32.0.15.5612
Initialize mono
Mono path[0] = 'C:/Unity/Hub/Editor/6000.0.3f1/Editor/Data/Managed'
Mono path[1] = 'C:/Unity/Hub/Editor/6000.0.3f1/Editor/Data/MonoBleedingEdge/lib/mono/unityjit-win32'
Mono config path = 'C:/Unity/Hub/Editor/6000.0.3f1/Editor/Data/MonoBleedingEdge/etc'
Using monoOptions --debugger-agent=transport=dt_socket,embedding=1,server=y,suspend=n,address=127.0.0.1:56836
Begin MonoManager ReloadAssembly
Registering precompiled unity dll's ...
Register platform support module: C:/Unity/Hub/Editor/6000.0.3f1/Editor/Data/PlaybackEngines/WindowsStandaloneSupport/UnityEditor.WindowsStandalone.Extensions.dll
Registered in 0.285650 seconds.
- Loaded All Assemblies, in 11.314 seconds
Native extension for WindowsStandalone target not found
Mono: successfully reloaded assembly
- Finished resetting the current domain, in  0.701 seconds
Domain Reload Profiling: 12011ms
	BeginReloadAssembly (9022ms)
		ExecutionOrderSort (0ms)
		DisableScriptedObjects (0ms)
		BackupInstance (0ms)
		ReleaseScriptingObjects (0ms)
		CreateAndSetChildDomain (1ms)
	RebuildCommonClasses (600ms)
	RebuildNativeTypeToScriptingClass (18ms)
	initialDomainReloadingComplete (363ms)
	LoadAllAssembliesAndSetupDomain (1306ms)
		LoadAssemblies (9015ms)
		RebuildTransferFunctionScriptingTraits (0ms)
		AnalyzeDomain (1302ms)
			TypeCache.Refresh (1300ms)
				TypeCache.ScanAssembly (991ms)
			BuildScriptInfoCaches (0ms)
			ResolveRequiredComponents (1ms)
	FinalizeReload (702ms)
		ReleaseScriptCaches (0ms)
		RebuildScriptCaches (0ms)
		SetupLoadedEditorAssemblies (607ms)
			LogAssemblyErrors (0ms)
			InitializePlatformSupportModulesInManaged (36ms)
			SetLoadedEditorAssemblies (6ms)
			BeforeProcessingInitializeOnLoad (9ms)
			ProcessInitializeOnLoadAttributes (284ms)
			ProcessInitializeOnLoadMethodAttributes (271ms)
			AfterProcessingInitializeOnLoad (0ms)
			EditorAssembliesLoaded (0ms)
		ExecutionOrderSort2 (0ms)
		AwakeInstancesAfterBackupRestoration (0ms)
========================================================================
Worker process is ready to serve import requests
Import Worker Mode flag is 0x00
Begin MonoManager ReloadAssembly
Symbol file LoadedFromMemory is not a mono symbol file
- Loaded All Assemblies, in 17.520 seconds
Refreshing native plugins compatible for Editor in 2.36 ms, found 4 plugins.
Native extension for WindowsStandalone target not found
Refreshing native plugins compatible for Editor in 2.50 ms, found 4 plugins.
[MODES] ModeService[none].Initialize
[MODES] ModeService[none].LoadModes
[MODES] Loading mode Default (0) for mode-current-id-AbSolitude
Mono: successfully reloaded assembly
- Finished resetting the current domain, in  1.822 seconds
Domain Reload Profiling: 19324ms
	BeginReloadAssembly (2111ms)
		ExecutionOrderSort (0ms)
		DisableScriptedObjects (10ms)
		BackupInstance (0ms)
		ReleaseScriptingObjects (0ms)
		CreateAndSetChildDomain (40ms)
	RebuildCommonClasses (51ms)
	RebuildNativeTypeToScriptingClass (17ms)
	initialDomainReloadingComplete (49ms)
	LoadAllAssembliesAndSetupDomain (15273ms)
		LoadAssemblies (14302ms)
		RebuildTransferFunctionScriptingTraits (0ms)
		AnalyzeDomain (1133ms)
			TypeCache.Refresh (992ms)
				TypeCache.ScanAssembly (907ms)
			BuildScriptInfoCaches (123ms)
			ResolveRequiredComponents (13ms)
	FinalizeReload (1823ms)
		ReleaseScriptCaches (0ms)
		RebuildScriptCaches (0ms)
		SetupLoadedEditorAssemblies (1471ms)
			LogAssemblyErrors (0ms)
			InitializePlatformSupportModulesInManaged (4ms)
			SetLoadedEditorAssemblies (5ms)
			BeforeProcessingInitializeOnLoad (142ms)
			ProcessInitializeOnLoadAttributes (958ms)
			ProcessInitializeOnLoadMethodAttributes (352ms)
			AfterProcessingInitializeOnLoad (10ms)
			EditorAssembliesLoaded (0ms)
		ExecutionOrderSort2 (0ms)
		AwakeInstancesAfterBackupRestoration (10ms)
Launched and connected shader compiler UnityShaderCompiler.exe after 0.05 seconds
Refreshing native plugins compatible for Editor in 2.55 ms, found 4 plugins.
Preloading 0 native plugins for Editor in 0.00 ms.
Unloading 176 Unused Serialized files (Serialized files now loaded: 0)
Unloading 7750 unused Assets / (7.9 MB). Loaded Objects now: 8415.
Memory consumption went from 255.9 MB to 248.0 MB.
Total: 15.012500 ms (FindLiveObjects: 1.077100 ms CreateObjectMapping: 1.644300 ms MarkObjects: 8.068600 ms  DeleteObjects: 4.220900 ms)

========================================================================
Received Import Request.
  Time since last request: 303166.299477 seconds.
  path: Assets/AKCondinoO/Sims/Actors/Humanoid/Human/_3D/_DAZ/MorphableHumanFemaleG8/FBX/MorphableHumanFemaleG8.images/g8fbasearmsmaps_1004.jpg
  artifactKey: Guid(36e88854342b2fc4c94079434e4623a6) Importer(815301076,1909f56bfc062723c751e8b465ee728b)
Start importing Assets/AKCondinoO/Sims/Actors/Humanoid/Human/_3D/_DAZ/MorphableHumanFemaleG8/FBX/MorphableHumanFemaleG8.images/g8fbasearmsmaps_1004.jpg using Guid(36e88854342b2fc4c94079434e4623a6) Importer(815301076,1909f56bfc062723c751e8b465ee728b) (PreviewImporter)[PhysX] Initialized MultithreadedTaskDispatcher with 8 workers.
[PhysX] Initialized MultithreadedTaskDispatcher with 8 workers.
 -> (artifact id: 'd7dabb2f61de7b5cbdf2b8f7db97f8ac') in 0.1125859 seconds
Number of updated asset objects reloaded before import = 0Number of asset objects unloaded after import = 2

========================================================================
Received Import Request.
  Time since last request: 0.000023 seconds.
  path: Assets/AKCondinoO/Sims/Actors/Humanoid/Human/_3D/_DAZ/MorphableHumanFemaleG8/FBX/MorphableHumanFemaleG8.images/g8fbasetorsomaps_1002.jpg
  artifactKey: Guid(5b47da2a74d5ee34899fcb5cc30aca16) Importer(815301076,1909f56bfc062723c751e8b465ee728b)
Start importing Assets/AKCondinoO/Sims/Actors/Humanoid/Human/_3D/_DAZ/MorphableHumanFemaleG8/FBX/MorphableHumanFemaleG8.images/g8fbasetorsomaps_1002.jpg using Guid(5b47da2a74d5ee34899fcb5cc30aca16) Importer(815301076,1909f56bfc062723c751e8b465ee728b) (PreviewImporter)[PhysX] Initialized MultithreadedTaskDispatcher with 8 workers.
[PhysX] Initialized MultithreadedTaskDispatcher with 8 workers.
 -> (artifact id: '5262685efff982f5b0dd1cf171f29d0a') in 0.0233858 seconds
Number of updated asset objects reloaded before import = 0Number of asset objects unloaded after import = 2

========================================================================
Received Import Request.
  Time since last request: 114.137619 seconds.
  path: Assets/AKCondinoO/Sims/Actors/Humanoid/Human/_3D/_DAZ/MorphableHumanFemaleG8/FBX/MorphableHumanFemaleG8.images/g8fbasearmsmapb_1004.jpg
  artifactKey: Guid(2bffe5da02e02ed428decfc3f1dd1e41) Importer(815301076,1909f56bfc062723c751e8b465ee728b)
Start importing Assets/AKCondinoO/Sims/Actors/Humanoid/Human/_3D/_DAZ/MorphableHumanFemaleG8/FBX/MorphableHumanFemaleG8.images/g8fbasearmsmapb_1004.jpg using Guid(2bffe5da02e02ed428decfc3f1dd1e41) Importer(815301076,1909f56bfc062723c751e8b465ee728b) (PreviewImporter)[PhysX] Initialized MultithreadedTaskDispatcher with 8 workers.
[PhysX] Initialized MultithreadedTaskDispatcher with 8 workers.
 -> (artifact id: '1ab2789c3112ab3954d9d21eaf1902fd') in 0.0307881 seconds
Number of updated asset objects reloaded before import = 0Number of asset objects unloaded after import = 2

========================================================================
Received Import Request.
  Time since last request: 0.000024 seconds.
  path: Assets/AKCondinoO/Sims/Actors/Humanoid/Human/_3D/_DAZ/MorphableHumanFemaleG8/FBX/MorphableHumanFemaleG8.images/g8fbasetorsomapb_1002.jpg
  artifactKey: Guid(1718e06c0ab1fa44192f7d8b72f052a0) Importer(815301076,1909f56bfc062723c751e8b465ee728b)
Start importing Assets/AKCondinoO/Sims/Actors/Humanoid/Human/_3D/_DAZ/MorphableHumanFemaleG8/FBX/MorphableHumanFemaleG8.images/g8fbasetorsomapb_1002.jpg using Guid(1718e06c0ab1fa44192f7d8b72f052a0) Importer(815301076,1909f56bfc062723c751e8b465ee728b) (PreviewImporter)[PhysX] Initialized MultithreadedTaskDispatcher with 8 workers.
[PhysX] Initialized MultithreadedTaskDispatcher with 8 workers.
 -> (artifact id: 'c5490a47be063f620690b6fd1a42105a') in 0.0236001 seconds
Number of updated asset objects reloaded before import = 0Number of asset objects unloaded after import = 2

========================================================================
Received Import Request.
  Time since last request: 2.762644 seconds.
  path: Assets/AKCondinoO/Sims/Actors/Humanoid/Human/_3D/_DAZ/MorphableHumanFemaleG8/FBX/MorphableHumanFemaleG8.images/g8fbaselegsmapb_1003.jpg
  artifactKey: Guid(84fe82d2c2ea19c4d9fb25d34957a2ea) Importer(815301076,1909f56bfc062723c751e8b465ee728b)
Start importing Assets/AKCondinoO/Sims/Actors/Humanoid/Human/_3D/_DAZ/MorphableHumanFemaleG8/FBX/MorphableHumanFemaleG8.images/g8fbaselegsmapb_1003.jpg using Guid(84fe82d2c2ea19c4d9fb25d34957a2ea) Importer(815301076,1909f56bfc062723c751e8b465ee728b) (PreviewImporter)[PhysX] Initialized MultithreadedTaskDispatcher with 8 workers.
[PhysX] Initialized MultithreadedTaskDispatcher with 8 workers.
 -> (artifact id: '1b3bf972f1a78d010f9494c014e47d7c') in 0.0239358 seconds
Number of updated asset objects reloaded before import = 0Number of asset objects unloaded after import = 2

========================================================================
Received Import Request.
  Time since last request: 0.054491 seconds.
  path: Assets/AKCondinoO/Sims/Actors/Humanoid/Human/_3D/_DAZ/MorphableHumanFemaleG8/FBX/MorphableHumanFemaleG8.images/g8fbaseeyesb_1007.jpg
  artifactKey: Guid(6901c0a819fa4404ea31bd1496200377) Importer(815301076,1909f56bfc062723c751e8b465ee728b)
Start importing Assets/AKCondinoO/Sims/Actors/Humanoid/Human/_3D/_DAZ/MorphableHumanFemaleG8/FBX/MorphableHumanFemaleG8.images/g8fbaseeyesb_1007.jpg using Guid(6901c0a819fa4404ea31bd1496200377) Importer(815301076,1909f56bfc062723c751e8b465ee728b) (PreviewImporter)[PhysX] Initialized MultithreadedTaskDispatcher with 8 workers.
[PhysX] Initialized MultithreadedTaskDispatcher with 8 workers.
 -> (artifact id: 'd783cdf93e0f3aa748557f1c13e298a0') in 0.019256 seconds
Number of updated asset objects reloaded before import = 0Number of asset objects unloaded after import = 2

========================================================================
Received Import Request.
  Time since last request: 141.248882 seconds.
  path: Assets/AKCondinoO/Sims/Actors/Humanoid/Human/_3D/_Blender/MorphableHumanFemaleG8/FBX/Materials/Eyelashes.mat
  artifactKey: Guid(cca107901003a164d815d9e5d773c752) Importer(2089858483,0ecaa5967403d082aa24f35e1b516d23)
Start importing Assets/AKCondinoO/Sims/Actors/Humanoid/Human/_3D/_Blender/MorphableHumanFemaleG8/FBX/Materials/Eyelashes.mat using Guid(cca107901003a164d815d9e5d773c752) Importer(2089858483,0ecaa5967403d082aa24f35e1b516d23) (ScriptedImporter)[PhysX] Initialized MultithreadedTaskDispatcher with 8 workers.
 -> (artifact id: '81a34219b8ed28aea8d4b9611ff19eee') in 0.1668668 seconds
Number of updated asset objects reloaded before import = 1Number of asset objects unloaded after import = 1

========================================================================
Received Import Request.
  Time since last request: 0.000043 seconds.
  path: Assets/AKCondinoO/Sims/Actors/Humanoid/Human/_3D/_Blender/MorphableHumanFemaleG8/FBX/Materials/Panties.mat
  artifactKey: Guid(9617a0b9e31c3b94c9fb9fa353577d29) Importer(2089858483,0ecaa5967403d082aa24f35e1b516d23)
Start importing Assets/AKCondinoO/Sims/Actors/Humanoid/Human/_3D/_Blender/MorphableHumanFemaleG8/FBX/Materials/Panties.mat using Guid(9617a0b9e31c3b94c9fb9fa353577d29) Importer(2089858483,0ecaa5967403d082aa24f35e1b516d23) (ScriptedImporter)[PhysX] Initialized MultithreadedTaskDispatcher with 8 workers.
 -> (artifact id: 'd39601b1c3c76b83a03dbaeef141bcf7') in 0.0240463 seconds
Number of updated asset objects reloaded before import = 0Number of asset objects unloaded after import = 2

========================================================================
Received Import Request.
  Time since last request: 0.000047 seconds.
  path: Assets/AKCondinoO/Sims/Actors/Humanoid/Human/_3D/_Blender/MorphableHumanFemaleG8/FBX/Materials/EyeMoisture.mat
  artifactKey: Guid(3fb293d6fd46adb46a336e7a6a57b98b) Importer(2089858483,0ecaa5967403d082aa24f35e1b516d23)
Start importing Assets/AKCondinoO/Sims/Actors/Humanoid/Human/_3D/_Blender/MorphableHumanFemaleG8/FBX/Materials/EyeMoisture.mat using Guid(3fb293d6fd46adb46a336e7a6a57b98b) Importer(2089858483,0ecaa5967403d082aa24f35e1b516d23) (ScriptedImporter)[PhysX] Initialized MultithreadedTaskDispatcher with 8 workers.
 -> (artifact id: '1bd649249d9bf1c5fe1d91ad65296fb7') in 0.0199467 seconds
Number of updated asset objects reloaded before import = 0Number of asset objects unloaded after import = 1

========================================================================
Received Import Request.
  Time since last request: 0.000108 seconds.
  path: Assets/AKCondinoO/Sims/Actors/Humanoid/Human/_3D/_Blender/MorphableHumanFemaleG8/FBX/Materials/Face.mat
  artifactKey: Guid(dcaa501511d76e04291304139500ace4) Importer(2089858483,0ecaa5967403d082aa24f35e1b516d23)
Start importing Assets/AKCondinoO/Sims/Actors/Humanoid/Human/_3D/_Blender/MorphableHumanFemaleG8/FBX/Materials/Face.mat using Guid(dcaa501511d76e04291304139500ace4) Importer(2089858483,0ecaa5967403d082aa24f35e1b516d23) (ScriptedImporter)[PhysX] Initialized MultithreadedTaskDispatcher with 8 workers.
 -> (artifact id: 'd358a941eb1e0f28be7aa26b7a59be94') in 0.0580563 seconds
Number of updated asset objects reloaded before import = 0Number of asset objects unloaded after import = 4

========================================================================
Received Import Request.
  Time since last request: 0.000024 seconds.
  path: Assets/AKCondinoO/Sims/Actors/Humanoid/Human/_3D/_Blender/MorphableHumanFemaleG8/FBX/Materials/Eyes.mat
  artifactKey: Guid(8748c48105af75a42a596161033f4207) Importer(2089858483,0ecaa5967403d082aa24f35e1b516d23)
Start importing Assets/AKCondinoO/Sims/Actors/Humanoid/Human/_3D/_Blender/MorphableHumanFemaleG8/FBX/Materials/Eyes.mat using Guid(8748c48105af75a42a596161033f4207) Importer(2089858483,0ecaa5967403d082aa24f35e1b516d23) (ScriptedImporter)[PhysX] Initialized MultithreadedTaskDispatcher with 8 workers.
 -> (artifact id: '25891ca2ac3669399454c4bd20d0a4f4') in 0.0248412 seconds
Number of updated asset objects reloaded before import = 0Number of asset objects unloaded after import = 3

========================================================================
Received Import Request.
  Time since last request: 0.000025 seconds.
  path: Assets/AKCondinoO/Sims/Actors/Humanoid/Human/_3D/_Blender/MorphableHumanFemaleG8/FBX/Materials/Arms.mat
  artifactKey: Guid(70b2948983cf23d48b8f0188e520d8aa) Importer(2089858483,0ecaa5967403d082aa24f35e1b516d23)
Start importing Assets/AKCondinoO/Sims/Actors/Humanoid/Human/_3D/_Blender/MorphableHumanFemaleG8/FBX/Materials/Arms.mat using Guid(70b2948983cf23d48b8f0188e520d8aa) Importer(2089858483,0ecaa5967403d082aa24f35e1b516d23) (ScriptedImporter)[PhysX] Initialized MultithreadedTaskDispatcher with 8 workers.
 -> (artifact id: '7f7b69692f9a2ad9b40d13fae883ca0b') in 0.0310335 seconds
Number of updated asset objects reloaded before import = 0Number of asset objects unloaded after import = 4

========================================================================
Received Import Request.
  Time since last request: 22.894827 seconds.
  path: Assets/AKCondinoO/Sims/Actors/Humanoid/Human/_3D/_Blender/MorphableHumanFemaleG8/FBX/MorphableHumanFemaleG8.fbx
  artifactKey: Guid(0986b0fdf58a461419ce585134d52813) Importer(815301076,1909f56bfc062723c751e8b465ee728b)
Start importing Assets/AKCondinoO/Sims/Actors/Humanoid/Human/_3D/_Blender/MorphableHumanFemaleG8/FBX/MorphableHumanFemaleG8.fbx using Guid(0986b0fdf58a461419ce585134d52813) Importer(815301076,1909f56bfc062723c751e8b465ee728b) (PreviewImporter)[PhysX] Initialized MultithreadedTaskDispatcher with 8 workers.
[PhysX] Initialized MultithreadedTaskDispatcher with 8 workers.
[PhysX] Initialized MultithreadedTaskDispatcher with 8 workers.
[PhysX] Initialized MultithreadedTaskDispatcher with 8 workers.
[PhysX] Initialized MultithreadedTaskDispatcher with 8 workers.
[PhysX] Initialized MultithreadedTaskDispatcher with 8 workers.
[PhysX] Initialized MultithreadedTaskDispatcher with 8 workers.
[PhysX] Initialized MultithreadedTaskDispatcher with 8 workers.
[PhysX] Initialized MultithreadedTaskDispatcher with 8 workers.
[PhysX] Initialized MultithreadedTaskDispatcher with 8 workers.
[PhysX] Initialized MultithreadedTaskDispatcher with 8 workers.
[PhysX] Initialized MultithreadedTaskDispatcher with 8 workers.
[PhysX] Initialized MultithreadedTaskDispatcher with 8 workers.
[PhysX] Initialized MultithreadedTaskDispatcher with 8 workers.
[PhysX] Initialized MultithreadedTaskDispatcher with 8 workers.
[PhysX] Initialized MultithreadedTaskDispatcher with 8 workers.
[PhysX] Initialized MultithreadedTaskDispatcher with 8 workers.
[PhysX] Initialized MultithreadedTaskDispatcher with 8 workers.
[PhysX] Initialized MultithreadedTaskDispatcher with 8 workers.
[PhysX] Initialized MultithreadedTaskDispatcher with 8 workers.
[PhysX] Initialized MultithreadedTaskDispatcher with 8 workers.
[PhysX] Initialized MultithreadedTaskDispatcher with 8 workers.
[PhysX] Initialized MultithreadedTaskDispatcher with 8 workers.
[PhysX] Initialized MultithreadedTaskDispatcher with 8 workers.
[PhysX] Initialized MultithreadedTaskDispatcher with 8 workers.
[PhysX] Initialized MultithreadedTaskDispatcher with 8 workers.
 -> (artifact id: '589927ff273cc060745872feaeef0e13') in 1.8169581 seconds
Number of updated asset objects reloaded before import = 0Number of asset objects unloaded after import = 425

========================================================================
Received Import Request.
  Time since last request: 1118.813330 seconds.
  path: Assets/UMA/Util/Empty.png
  artifactKey: Guid(ffee4dd5daf4a624baff4017b50aabbf) Importer(2089858483,0ecaa5967403d082aa24f35e1b516d23)
Start importing Assets/UMA/Util/Empty.png using Guid(ffee4dd5daf4a624baff4017b50aabbf) Importer(2089858483,0ecaa5967403d082aa24f35e1b516d23) (ScriptedImporter)[PhysX] Initialized MultithreadedTaskDispatcher with 8 workers.
 -> (artifact id: 'ea51235c835986211b27eee8d8016ad3') in 0.0691915 seconds
Number of updated asset objects reloaded before import = 0Number of asset objects unloaded after import = 1

========================================================================
Received Prepare
Refreshing native plugins compatible for Editor in 2.95 ms, found 4 plugins.
Preloading 0 native plugins for Editor in 0.00 ms.
Unloading 47 Unused Serialized files (Serialized files now loaded: 0)
Unloading 7737 unused Assets / (7.4 MB). Loaded Objects now: 8432.
Memory consumption went from 240.1 MB to 232.7 MB.
Total: 338.430700 ms (FindLiveObjects: 61.476500 ms CreateObjectMapping: 1.686200 ms MarkObjects: 270.793600 ms  DeleteObjects: 4.472000 ms)

Prepare: number of updated asset objects reloaded= 0
========================================================================
Received Import Request.
  Time since last request: 129029.480847 seconds.
  path: Assets/AKCondinoO/Sims/Actors/Humanoid/Human/_3D/_DAZ/Morphs/G8/_D_Former_Human_Eyebrow_Rotation.dsf
  artifactKey: Guid(01666379f27663f4fae33cdefb3389b6) Importer(2089858483,0ecaa5967403d082aa24f35e1b516d23)
Start importing Assets/AKCondinoO/Sims/Actors/Humanoid/Human/_3D/_DAZ/Morphs/G8/_D_Former_Human_Eyebrow_Rotation.dsf using Guid(01666379f27663f4fae33cdefb3389b6) Importer(2089858483,0ecaa5967403d082aa24f35e1b516d23) (ScriptedImporter)[PhysX] Initialized MultithreadedTaskDispatcher with 8 workers.
 -> (artifact id: 'a34ada5268eb1f28f38a697afd329a67') in 0.1170735 seconds
Number of updated asset objects reloaded before import = 0Number of asset objects unloaded after import = 1

========================================================================
Received Import Request.
  Time since last request: 0.000028 seconds.
  path: Assets/AKCondinoO/Sims/Actors/Humanoid/Human/_3D/_DAZ/Morphs/G8/_D_Former_Human_Eyebrow_Pos_Horizontal.duf.png
  artifactKey: Guid(21daaf842711e384493b20a43c3ae171) Importer(2089858483,0ecaa5967403d082aa24f35e1b516d23)
Start importing Assets/AKCondinoO/Sims/Actors/Humanoid/Human/_3D/_DAZ/Morphs/G8/_D_Former_Human_Eyebrow_Pos_Horizontal.duf.png using Guid(21daaf842711e384493b20a43c3ae171) Importer(2089858483,0ecaa5967403d082aa24f35e1b516d23) (ScriptedImporter)[PhysX] Initialized MultithreadedTaskDispatcher with 8 workers.
 -> (artifact id: '5b665d710097cc0ecf31ddf60c8f0f50') in 0.0345437 seconds
Number of updated asset objects reloaded before import = 0Number of asset objects unloaded after import = 1

========================================================================
Received Import Request.
  Time since last request: 0.000105 seconds.
  path: Assets/AKCondinoO/Sims/Actors/Humanoid/Human/_3D/_DAZ/Morphs/G8/_D_Former_Human_Eyebrow_Pos.dsf
  artifactKey: Guid(cb41a7f8d4de9cd45b9650e019745a7b) Importer(2089858483,0ecaa5967403d082aa24f35e1b516d23)
Start importing Assets/AKCondinoO/Sims/Actors/Humanoid/Human/_3D/_DAZ/Morphs/G8/_D_Former_Human_Eyebrow_Pos.dsf using Guid(cb41a7f8d4de9cd45b9650e019745a7b) Importer(2089858483,0ecaa5967403d082aa24f35e1b516d23) (ScriptedImporter)[PhysX] Initialized MultithreadedTaskDispatcher with 8 workers.
 -> (artifact id: 'c7a460c3d550238ac8b60e99996d5cd4') in 0.0169501 seconds
Number of updated asset objects reloaded before import = 0Number of asset objects unloaded after import = 1

========================================================================
Received Import Request.
  Time since last request: 0.000082 seconds.
  path: Assets/AKCondinoO/Sims/Actors/Humanoid/Human/_3D/_DAZ/Morphs/G8/_D_Former_Human_Eyebrow_Pos_Horizontal.duf
  artifactKey: Guid(f585effc8619bc84a8ea4a840ea884c0) Importer(2089858483,0ecaa5967403d082aa24f35e1b516d23)
Start importing Assets/AKCondinoO/Sims/Actors/Humanoid/Human/_3D/_DAZ/Morphs/G8/_D_Former_Human_Eyebrow_Pos_Horizontal.duf using Guid(f585effc8619bc84a8ea4a840ea884c0) Importer(2089858483,0ecaa5967403d082aa24f35e1b516d23) (ScriptedImporter)[PhysX] Initialized MultithreadedTaskDispatcher with 8 workers.
 -> (artifact id: '293d25ae7ec205e0da1fb775452ad929') in 0.0142595 seconds
Number of updated asset objects reloaded before import = 0Number of asset objects unloaded after import = 1

========================================================================
Received Import Request.
  Time since last request: 0.000167 seconds.
  path: Assets/AKCondinoO/Sims/Actors/Humanoid/Human/_3D/_DAZ/Morphs/G8/_D_Former_Human_Eyebrow_Pos_Horizontal.tip.png
  artifactKey: Guid(497978460406c38409622510aea8fd54) Importer(2089858483,0ecaa5967403d082aa24f35e1b516d23)
Start importing Assets/AKCondinoO/Sims/Actors/Humanoid/Human/_3D/_DAZ/Morphs/G8/_D_Former_Human_Eyebrow_Pos_Horizontal.tip.png using Guid(497978460406c38409622510aea8fd54) Importer(2089858483,0ecaa5967403d082aa24f35e1b516d23) (ScriptedImporter)[PhysX] Initialized MultithreadedTaskDispatcher with 8 workers.
 -> (artifact id: 'fe3ba68a14208bb2c66ebda4e1a7ebe7') in 0.0273342 seconds
Number of updated asset objects reloaded before import = 0Number of asset objects unloaded after import = 1

========================================================================
Received Import Request.
  Time since last request: 0.000115 seconds.
  path: Assets/AKCondinoO/Sims/Actors/Humanoid/Human/_3D/_DAZ/Morphs/G8/_D_Former_Human_Eye_Rotation.dsf
  artifactKey: Guid(9196a991615427c40b3235ec01517693) Importer(2089858483,0ecaa5967403d082aa24f35e1b516d23)
Start importing Assets/AKCondinoO/Sims/Actors/Humanoid/Human/_3D/_DAZ/Morphs/G8/_D_Former_Human_Eye_Rotation.dsf using Guid(9196a991615427c40b3235ec01517693) Importer(2089858483,0ecaa5967403d082aa24f35e1b516d23) (ScriptedImporter)[PhysX] Initialized MultithreadedTaskDispatcher with 8 workers.
 -> (artifact id: 'c60cbec6b7054e391278020916d2b969') in 0.014877 seconds
Number of updated asset objects reloaded before import = 0Number of asset objects unloaded after import = 1

========================================================================
Received Import Request.
  Time since last request: 0.000021 seconds.
  path: Assets/AKCondinoO/Sims/Actors/Humanoid/Human/_3D/_DAZ/Morphs/G8
  artifactKey: Guid(d212c40cedf3cda4890fc2b16622fcc7) Importer(2089858483,0ecaa5967403d082aa24f35e1b516d23)
Start importing Assets/AKCondinoO/Sims/Actors/Humanoid/Human/_3D/_DAZ/Morphs/G8 using Guid(d212c40cedf3cda4890fc2b16622fcc7) Importer(2089858483,0ecaa5967403d082aa24f35e1b516d23) (ScriptedImporter)[PhysX] Initialized MultithreadedTaskDispatcher with 8 workers.
 -> (artifact id: 'a507347806656ff4b3a09e3a4a36aec0') in 0.0149361 seconds
Number of updated asset objects reloaded before import = 0Number of asset objects unloaded after import = 1

========================================================================
Received Import Request.
  Time since last request: 0.000093 seconds.
  path: Assets/AKCondinoO/Sims/Actors/Humanoid/Human/_3D/_DAZ/Morphs/G8/_D_Former_Human_Eyebrow_Size.dsf
  artifactKey: Guid(1e6fbbc22acb5af4489dd01057ae4b75) Importer(2089858483,0ecaa5967403d082aa24f35e1b516d23)
Start importing Assets/AKCondinoO/Sims/Actors/Humanoid/Human/_3D/_DAZ/Morphs/G8/_D_Former_Human_Eyebrow_Size.dsf using Guid(1e6fbbc22acb5af4489dd01057ae4b75) Importer(2089858483,0ecaa5967403d082aa24f35e1b516d23) (ScriptedImporter)[PhysX] Initialized MultithreadedTaskDispatcher with 8 workers.
 -> (artifact id: '8ea394aa3f2b2d8cccbc8b96e7855565') in 0.0186067 seconds
Number of updated asset objects reloaded before import = 0Number of asset objects unloaded after import = 1

========================================================================
Received Import Request.
  Time since last request: 0.000165 seconds.
  path: Assets/AKCondinoO/Sims/Actors/Humanoid/Human/_3D/_DAZ/Morphs/G8/_D_Former_Human_Eyebrow_Pos_Depth.dsf
  artifactKey: Guid(4b3026b415a88f141b89afb7d982f0f9) Importer(2089858483,0ecaa5967403d082aa24f35e1b516d23)
Start importing Assets/AKCondinoO/Sims/Actors/Humanoid/Human/_3D/_DAZ/Morphs/G8/_D_Former_Human_Eyebrow_Pos_Depth.dsf using Guid(4b3026b415a88f141b89afb7d982f0f9) Importer(2089858483,0ecaa5967403d082aa24f35e1b516d23) (ScriptedImporter)[PhysX] Initialized MultithreadedTaskDispatcher with 8 workers.
 -> (artifact id: '72f5e071ec954e102c7f0f03da259b1c') in 0.017899 seconds
Number of updated asset objects reloaded before import = 0Number of asset objects unloaded after import = 1

========================================================================
Received Import Request.
  Time since last request: 0.000108 seconds.
  path: Assets/AKCondinoO/Sims/Actors/Humanoid/Human/_3D/_DAZ/MorphableHumanFemaleG8/MorphableHumanFemaleG8.duf
  artifactKey: Guid(0b0fbdc232f63ab418b2bfed4850ca58) Importer(2089858483,0ecaa5967403d082aa24f35e1b516d23)
Start importing Assets/AKCondinoO/Sims/Actors/Humanoid/Human/_3D/_DAZ/MorphableHumanFemaleG8/MorphableHumanFemaleG8.duf using Guid(0b0fbdc232f63ab418b2bfed4850ca58) Importer(2089858483,0ecaa5967403d082aa24f35e1b516d23) (ScriptedImporter)[PhysX] Initialized MultithreadedTaskDispatcher with 8 workers.
 -> (artifact id: '59d219dded61ea2ad56771084773fc41') in 0.0206443 seconds
Number of updated asset objects reloaded before import = 0Number of asset objects unloaded after import = 1

========================================================================
Received Import Request.
  Time since last request: 0.000239 seconds.
  path: Assets/AKCondinoO/Sims/Actors/Humanoid/Human/_3D/_DAZ/Morphs/G8/_D_Former_Human_Eyebrow_Pos.tip.png
  artifactKey: Guid(0bf2a9fff7ae31e4f8dc067e0851aae4) Importer(2089858483,0ecaa5967403d082aa24f35e1b516d23)
Start importing Assets/AKCondinoO/Sims/Actors/Humanoid/Human/_3D/_DAZ/Morphs/G8/_D_Former_Human_Eyebrow_Pos.tip.png using Guid(0bf2a9fff7ae31e4f8dc067e0851aae4) Importer(2089858483,0ecaa5967403d082aa24f35e1b516d23) (ScriptedImporter)[PhysX] Initialized MultithreadedTaskDispatcher with 8 workers.
 -> (artifact id: 'cd183d2e73587ddf7bc2a1547a207817') in 0.0239854 seconds
Number of updated asset objects reloaded before import = 0Number of asset objects unloaded after import = 1

========================================================================
Received Import Request.
  Time since last request: 0.000024 seconds.
  path: Assets/AKCondinoO/Voxels/Terrain/VoxelTerrainChunkUnnamedMessageHandler.cs
  artifactKey: Guid(42b4a2760f1b3594185fd8b4325652ce) Importer(2089858483,0ecaa5967403d082aa24f35e1b516d23)
Start importing Assets/AKCondinoO/Voxels/Terrain/VoxelTerrainChunkUnnamedMessageHandler.cs using Guid(42b4a2760f1b3594185fd8b4325652ce) Importer(2089858483,0ecaa5967403d082aa24f35e1b516d23) (ScriptedImporter)[PhysX] Initialized MultithreadedTaskDispatcher with 8 workers.
 -> (artifact id: '516cb95f066bf55671493d8d50894a79') in 0.1328167 seconds
Number of updated asset objects reloaded before import = 0Number of asset objects unloaded after import = 0

========================================================================
Received Import Request.
  Time since last request: 0.000161 seconds.
  path: Assets/AKCondinoO/Sims/Actors/Humanoid/Human/_3D/_DAZ/Morphs/G8/_D_Former_Human_Eyebrow_Size_Horizontal.dsf
  artifactKey: Guid(92b3933b8ba2dae47958df85a31ef4a7) Importer(2089858483,0ecaa5967403d082aa24f35e1b516d23)
Start importing Assets/AKCondinoO/Sims/Actors/Humanoid/Human/_3D/_DAZ/Morphs/G8/_D_Former_Human_Eyebrow_Size_Horizontal.dsf using Guid(92b3933b8ba2dae47958df85a31ef4a7) Importer(2089858483,0ecaa5967403d082aa24f35e1b516d23) (ScriptedImporter)[PhysX] Initialized MultithreadedTaskDispatcher with 8 workers.
 -> (artifact id: '7582d397d9e14e04d8921579fb51f3b0') in 0.0254495 seconds
Number of updated asset objects reloaded before import = 0Number of asset objects unloaded after import = 1

========================================================================
Received Import Request.
  Time since last request: 0.000029 seconds.
  path: Assets/AKCondinoO/Sims/Actors/Humanoid/Human/_3D/_DAZ/Morphs/G8/_D_Former_Human_Eyebrow_Pos.duf.png
  artifactKey: Guid(4e45f15ee9387064ba65199bdaafde64) Importer(2089858483,0ecaa5967403d082aa24f35e1b516d23)
Start importing Assets/AKCondinoO/Sims/Actors/Humanoid/Human/_3D/_DAZ/Morphs/G8/_D_Former_Human_Eyebrow_Pos.duf.png using Guid(4e45f15ee9387064ba65199bdaafde64) Importer(2089858483,0ecaa5967403d082aa24f35e1b516d23) (ScriptedImporter)[PhysX] Initialized MultithreadedTaskDispatcher with 8 workers.
 -> (artifact id: '953969a548d4ce9c2bb48753ee334368') in 0.0318715 seconds
Number of updated asset objects reloaded before import = 0Number of asset objects unloaded after import = 1

========================================================================
Received Import Request.
  Time since last request: 0.000029 seconds.
  path: Assets/AKCondinoO/Sims/Actors/Humanoid/Human/_3D/_DAZ/MorphableHumanFemaleG8/MorphableHumanFemaleG8.tip.png
  artifactKey: Guid(7edaa2038b5ad6c45978a7e37b577ed9) Importer(2089858483,0ecaa5967403d082aa24f35e1b516d23)
Start importing Assets/AKCondinoO/Sims/Actors/Humanoid/Human/_3D/_DAZ/MorphableHumanFemaleG8/MorphableHumanFemaleG8.tip.png using Guid(7edaa2038b5ad6c45978a7e37b577ed9) Importer(2089858483,0ecaa5967403d082aa24f35e1b516d23) (ScriptedImporter)[PhysX] Initialized MultithreadedTaskDispatcher with 8 workers.
 -> (artifact id: 'c41cfdc76c2da92b43b2aa10e1582faf') in 0.068613 seconds
Number of updated asset objects reloaded before import = 0Number of asset objects unloaded after import = 1

========================================================================
Received Import Request.
  Time since last request: 0.001841 seconds.
  path: Assets/AKCondinoO/Sims/Actors/Humanoid/Human/_3D/_Blender/MorphableHumanFemaleG8/MorphableHumanFemaleG8.blend1
  artifactKey: Guid(21c73d9cee226194987a35cf5f1e2801) Importer(2089858483,0ecaa5967403d082aa24f35e1b516d23)
Start importing Assets/AKCondinoO/Sims/Actors/Humanoid/Human/_3D/_Blender/MorphableHumanFemaleG8/MorphableHumanFemaleG8.blend1 using Guid(21c73d9cee226194987a35cf5f1e2801) Importer(2089858483,0ecaa5967403d082aa24f35e1b516d23) (ScriptedImporter)[PhysX] Initialized MultithreadedTaskDispatcher with 8 workers.
 -> (artifact id: '20a12ac818501ac3fde159059dba20eb') in 0.0606027 seconds
Number of updated asset objects reloaded before import = 0Number of asset objects unloaded after import = 1

========================================================================
Received Import Request.
  Time since last request: 0.000100 seconds.
  path: Assets/AKCondinoO/Sims/Actors/Humanoid/Human/_3D/_DAZ/Morphs/G8/_D_Former_Human_Eye_Size.dsf
  artifactKey: Guid(d58b7945af2b54745a175f67db324601) Importer(2089858483,0ecaa5967403d082aa24f35e1b516d23)
Start importing Assets/AKCondinoO/Sims/Actors/Humanoid/Human/_3D/_DAZ/Morphs/G8/_D_Former_Human_Eye_Size.dsf using Guid(d58b7945af2b54745a175f67db324601) Importer(2089858483,0ecaa5967403d082aa24f35e1b516d23) (ScriptedImporter)[PhysX] Initialized MultithreadedTaskDispatcher with 8 workers.
 -> (artifact id: 'a9aed017cc1c11000e545c84e49f5782') in 0.0563369 seconds
Number of updated asset objects reloaded before import = 0Number of asset objects unloaded after import = 1

========================================================================
Received Import Request.
  Time since last request: 0.007179 seconds.
  path: Assets/AKCondinoO/Sims/Actors/Humanoid/Human/_3D/_DAZ/Morphs/G8/_D_Former_Human_Eyebrow_Pos.duf
  artifactKey: Guid(badc3b38dc6791b48a77c98f2c7f8ab6) Importer(2089858483,0ecaa5967403d082aa24f35e1b516d23)
Start importing Assets/AKCondinoO/Sims/Actors/Humanoid/Human/_3D/_DAZ/Morphs/G8/_D_Former_Human_Eyebrow_Pos.duf using Guid(badc3b38dc6791b48a77c98f2c7f8ab6) Importer(2089858483,0ecaa5967403d082aa24f35e1b516d23) (ScriptedImporter)[PhysX] Initialized MultithreadedTaskDispatcher with 8 workers.
 -> (artifact id: 'e08b75975a83f1d068ec10d6fe2afe57') in 0.0383046 seconds
Number of updated asset objects reloaded before import = 0Number of asset objects unloaded after import = 1

========================================================================
Received Prepare
Begin MonoManager ReloadAssembly
Symbol file LoadedFromMemory is not a mono symbol file
- Loaded All Assemblies, in  2.207 seconds
Refreshing native plugins compatible for Editor in 2.52 ms, found 4 plugins.
Native extension for WindowsStandalone target not found
[MODES] ModeService[none].Initialize
[MODES] ModeService[none].LoadModes
Mono: successfully reloaded assembly
- Finished resetting the current domain, in  1.712 seconds
Domain Reload Profiling: 3913ms
	BeginReloadAssembly (860ms)
		ExecutionOrderSort (0ms)
		DisableScriptedObjects (20ms)
		BackupInstance (0ms)
		ReleaseScriptingObjects (0ms)
		CreateAndSetChildDomain (389ms)
	RebuildCommonClasses (60ms)
	RebuildNativeTypeToScriptingClass (20ms)
	initialDomainReloadingComplete (60ms)
	LoadAllAssembliesAndSetupDomain (1201ms)
		LoadAssemblies (936ms)
		RebuildTransferFunctionScriptingTraits (0ms)
		AnalyzeDomain (479ms)
			TypeCache.Refresh (53ms)
				TypeCache.ScanAssembly (6ms)
			BuildScriptInfoCaches (399ms)
			ResolveRequiredComponents (17ms)
	FinalizeReload (1713ms)
		ReleaseScriptCaches (0ms)
		RebuildScriptCaches (0ms)
		SetupLoadedEditorAssemblies (1277ms)
			LogAssemblyErrors (0ms)
			InitializePlatformSupportModulesInManaged (4ms)
			SetLoadedEditorAssemblies (8ms)
			BeforeProcessingInitializeOnLoad (157ms)
			ProcessInitializeOnLoadAttributes (697ms)
			ProcessInitializeOnLoadMethodAttributes (400ms)
			AfterProcessingInitializeOnLoad (10ms)
			EditorAssembliesLoaded (1ms)
		ExecutionOrderSort2 (0ms)
		AwakeInstancesAfterBackupRestoration (14ms)
Refreshing native plugins compatible for Editor in 2.57 ms, found 4 plugins.
Preloading 0 native plugins for Editor in 0.00 ms.
Unloading 47 Unused Serialized files (Serialized files now loaded: 0)
Unloading 7748 unused Assets / (8.0 MB). Loaded Objects now: 8436.
Memory consumption went from 245.0 MB to 237.0 MB.
Total: 13.996100 ms (FindLiveObjects: 1.080900 ms CreateObjectMapping: 1.783900 ms MarkObjects: 7.072200 ms  DeleteObjects: 4.057000 ms)

Prepare: number of updated asset objects reloaded= 0
Editor requested this worker to shutdown with reason: Scaling down because of idle timeout
AssetImportWorker is now disconnected from the server
Process exiting
Exiting without the bug reporter. Application will terminate with return code 0