Using pre-set license
Built from 'trunk' branch; Version is '6000.0.3f1 (019aa96b6ed9) revision 105129'; Using compiler version '193933522'; Build Type 'Release'
OS: 'Windows 11  (10.0.22631) 64bit Professional' Language: 'pt' Physical Memory: 32167 MB
BatchMode: 1, IsHumanControllingUs: 0, StartBugReporterOnCrash: 0, Is64bit: 1, IsPro: 1

COMMAND LINE ARGUMENTS:
C:\Unity\Hub\Editor\6000.0.3f1\Editor\Unity.exe
-adb2
-batchMode
-noUpm
-name
AssetImportWorker8
-projectPath
C:/Users/arthu/Documentos/GitHub/AbSolitude
-logFile
Logs/AssetImportWorker8.log
-srvPort
57095
-job-worker-count
7
-background-job-worker-count
8
-asset-garbage-collectors
1
Successfully changed project path to: C:/Users/arthu/Documentos/GitHub/AbSolitude
C:/Users/arthu/Documentos/GitHub/AbSolitude
[UnityMemory] Configuration Parameters - Can be set up in boot.config
    "memorysetup-bucket-allocator-granularity=16"
    "memorysetup-bucket-allocator-bucket-count=8"
    "memorysetup-bucket-allocator-block-size=33554432"
    "memorysetup-bucket-allocator-block-count=8"
    "memorysetup-main-allocator-block-size=16777216"
    "memorysetup-thread-allocator-block-size=16777216"
    "memorysetup-gfx-main-allocator-block-size=16777216"
    "memorysetup-gfx-thread-allocator-block-size=16777216"
    "memorysetup-cache-allocator-block-size=4194304"
    "memorysetup-typetree-allocator-block-size=2097152"
    "memorysetup-profiler-bucket-allocator-granularity=16"
    "memorysetup-profiler-bucket-allocator-bucket-count=8"
    "memorysetup-profiler-bucket-allocator-block-size=33554432"
    "memorysetup-profiler-bucket-allocator-block-count=8"
    "memorysetup-profiler-allocator-block-size=16777216"
    "memorysetup-profiler-editor-allocator-block-size=1048576"
    "memorysetup-temp-allocator-size-main=16777216"
    "memorysetup-job-temp-allocator-block-size=2097152"
    "memorysetup-job-temp-allocator-block-size-background=1048576"
    "memorysetup-job-temp-allocator-reduction-small-platforms=262144"
    "memorysetup-allocator-temp-initial-block-size-main=262144"
    "memorysetup-allocator-temp-initial-block-size-worker=262144"
    "memorysetup-temp-allocator-size-background-worker=32768"
    "memorysetup-temp-allocator-size-job-worker=262144"
    "memorysetup-temp-allocator-size-preload-manager=33554432"
    "memorysetup-temp-allocator-size-nav-mesh-worker=65536"
    "memorysetup-temp-allocator-size-audio-worker=65536"
    "memorysetup-temp-allocator-size-cloud-worker=32768"
    "memorysetup-temp-allocator-size-gi-baking-worker=262144"
    "memorysetup-temp-allocator-size-gi-baking-worker=262144"
    "memorysetup-temp-allocator-size-gi-baking-worker=262144"
    "memorysetup-temp-allocator-size-gi-baking-worker=262144"
    "memorysetup-temp-allocator-size-gi-baking-worker=262144"
    "memorysetup-temp-allocator-size-gfx=262144"
Player connection [12248]  Target information:

Player connection [12248]  * "[IP] 192.168.15.2 [Port] 0 [Flags] 2 [Guid] 2026310955 [EditorId] 2026310955 [Version] 1048832 [Id] WindowsEditor(7,ARTHUR-DESKTOP) [Debug] 1 [PackageName] WindowsEditor [ProjectName] Editor" 

Player connection [12248]  * "[IP] 192.168.0.2 [Port] 0 [Flags] 2 [Guid] 2026310955 [EditorId] 2026310955 [Version] 1048832 [Id] WindowsEditor(7,ARTHUR-DESKTOP) [Debug] 1 [PackageName] WindowsEditor [ProjectName] Editor" 

Player connection [12248] Host joined multi-casting on [225.0.0.222:54997]...
Player connection [12248] Host joined alternative multi-casting on [225.0.0.222:34997]...
JobSystem: Creating JobQueue using job-worker-count value 7
Library Redirect Path: Library/
[PhysX] Initialized MultithreadedTaskDispatcher with 8 workers.
Refreshing native plugins compatible for Editor in 3.53 ms, found 4 plugins.
Preloading 0 native plugins for Editor in 0.00 ms.
Initialize engine version: 6000.0.3f1 (019aa96b6ed9)
[Subsystems] Discovering subsystems at path C:/Unity/Hub/Editor/6000.0.3f1/Editor/Data/Resources/UnitySubsystems
[Subsystems] Discovering subsystems at path C:/Users/arthu/Documentos/GitHub/AbSolitude/Assets
GfxDevice: creating device client; kGfxThreadingModeNonThreaded
Direct3D:
    Version:  Direct3D 11.0 [level 11.1]
    Renderer: NVIDIA GeForce RTX 2060 (ID=0x1e89)
    Vendor:   NVIDIA
    VRAM:     5945 MB
    Driver:   32.0.15.5612
Initialize mono
Mono path[0] = 'C:/Unity/Hub/Editor/6000.0.3f1/Editor/Data/Managed'
Mono path[1] = 'C:/Unity/Hub/Editor/6000.0.3f1/Editor/Data/MonoBleedingEdge/lib/mono/unityjit-win32'
Mono config path = 'C:/Unity/Hub/Editor/6000.0.3f1/Editor/Data/MonoBleedingEdge/etc'
Using monoOptions --debugger-agent=transport=dt_socket,embedding=1,server=y,suspend=n,address=127.0.0.1:56308
Begin MonoManager ReloadAssembly
Registering precompiled unity dll's ...
Register platform support module: C:/Unity/Hub/Editor/6000.0.3f1/Editor/Data/PlaybackEngines/WindowsStandaloneSupport/UnityEditor.WindowsStandalone.Extensions.dll
Registered in 0.005828 seconds.
- Loaded All Assemblies, in  0.563 seconds
Native extension for WindowsStandalone target not found
Mono: successfully reloaded assembly
- Finished resetting the current domain, in  0.689 seconds
Domain Reload Profiling: 1248ms
	BeginReloadAssembly (197ms)
		ExecutionOrderSort (0ms)
		DisableScriptedObjects (0ms)
		BackupInstance (0ms)
		ReleaseScriptingObjects (0ms)
		CreateAndSetChildDomain (1ms)
	RebuildCommonClasses (53ms)
	RebuildNativeTypeToScriptingClass (17ms)
	initialDomainReloadingComplete (78ms)
	LoadAllAssembliesAndSetupDomain (213ms)
		LoadAssemblies (191ms)
		RebuildTransferFunctionScriptingTraits (0ms)
		AnalyzeDomain (210ms)
			TypeCache.Refresh (208ms)
				TypeCache.ScanAssembly (190ms)
			BuildScriptInfoCaches (0ms)
			ResolveRequiredComponents (1ms)
	FinalizeReload (689ms)
		ReleaseScriptCaches (0ms)
		RebuildScriptCaches (0ms)
		SetupLoadedEditorAssemblies (593ms)
			LogAssemblyErrors (0ms)
			InitializePlatformSupportModulesInManaged (37ms)
			SetLoadedEditorAssemblies (6ms)
			BeforeProcessingInitializeOnLoad (8ms)
			ProcessInitializeOnLoadAttributes (278ms)
			ProcessInitializeOnLoadMethodAttributes (262ms)
			AfterProcessingInitializeOnLoad (0ms)
			EditorAssembliesLoaded (0ms)
		ExecutionOrderSort2 (0ms)
		AwakeInstancesAfterBackupRestoration (0ms)
========================================================================
Worker process is ready to serve import requests
Import Worker Mode flag is 0x00
Begin MonoManager ReloadAssembly
Symbol file LoadedFromMemory is not a mono symbol file
- Loaded All Assemblies, in  1.632 seconds
Refreshing native plugins compatible for Editor in 2.61 ms, found 4 plugins.
Native extension for WindowsStandalone target not found
Refreshing native plugins compatible for Editor in 2.63 ms, found 4 plugins.
[MODES] ModeService[none].Initialize
[MODES] ModeService[none].LoadModes
[MODES] Loading mode Default (0) for mode-current-id-AbSolitude
Mono: successfully reloaded assembly
- Finished resetting the current domain, in  1.521 seconds
Domain Reload Profiling: 3142ms
	BeginReloadAssembly (601ms)
		ExecutionOrderSort (0ms)
		DisableScriptedObjects (11ms)
		BackupInstance (0ms)
		ReleaseScriptingObjects (0ms)
		CreateAndSetChildDomain (42ms)
	RebuildCommonClasses (52ms)
	RebuildNativeTypeToScriptingClass (18ms)
	initialDomainReloadingComplete (46ms)
	LoadAllAssembliesAndSetupDomain (903ms)
		LoadAssemblies (620ms)
		RebuildTransferFunctionScriptingTraits (0ms)
		AnalyzeDomain (438ms)
			TypeCache.Refresh (295ms)
				TypeCache.ScanAssembly (268ms)
			BuildScriptInfoCaches (126ms)
			ResolveRequiredComponents (13ms)
	FinalizeReload (1522ms)
		ReleaseScriptCaches (0ms)
		RebuildScriptCaches (0ms)
		SetupLoadedEditorAssemblies (1175ms)
			LogAssemblyErrors (0ms)
			InitializePlatformSupportModulesInManaged (4ms)
			SetLoadedEditorAssemblies (6ms)
			BeforeProcessingInitializeOnLoad (133ms)
			ProcessInitializeOnLoadAttributes (666ms)
			ProcessInitializeOnLoadMethodAttributes (356ms)
			AfterProcessingInitializeOnLoad (10ms)
			EditorAssembliesLoaded (0ms)
		ExecutionOrderSort2 (0ms)
		AwakeInstancesAfterBackupRestoration (10ms)
Launched and connected shader compiler UnityShaderCompiler.exe after 0.01 seconds
Refreshing native plugins compatible for Editor in 2.80 ms, found 4 plugins.
Preloading 0 native plugins for Editor in 0.00 ms.
Unloading 176 Unused Serialized files (Serialized files now loaded: 0)
Unloading 7750 unused Assets / (8.2 MB). Loaded Objects now: 8415.
Memory consumption went from 256.1 MB to 247.8 MB.
Total: 16.758300 ms (FindLiveObjects: 1.184800 ms CreateObjectMapping: 2.009400 ms MarkObjects: 9.518300 ms  DeleteObjects: 4.044700 ms)

========================================================================
Received Import Request.
  Time since last request: 303433.705952 seconds.
  path: Assets/AKCondinoO/Sims/Actors/Humanoid/Human/_3D/_Blender/MorphableHumanFemaleG8/FBX/MorphableHumanFemaleG8.prefab
  artifactKey: Guid(23588a3fd776eb8458a8b31d2c0debfa) Importer(2089858483,0ecaa5967403d082aa24f35e1b516d23)
Start importing Assets/AKCondinoO/Sims/Actors/Humanoid/Human/_3D/_Blender/MorphableHumanFemaleG8/FBX/MorphableHumanFemaleG8.prefab using Guid(23588a3fd776eb8458a8b31d2c0debfa) Importer(2089858483,0ecaa5967403d082aa24f35e1b516d23) (ScriptedImporter)[PhysX] Initialized MultithreadedTaskDispatcher with 8 workers.
 -> (artifact id: 'cc9c805103f6678d4289d74f97989e2f') in 1.6469662 seconds
Number of updated asset objects reloaded before import = 0Number of asset objects unloaded after import = 784

========================================================================
Received Import Request.
  Time since last request: 12.573689 seconds.
  path: Assets/AKCondinoO/Sims/Actors/Humanoid/Human/_3D/_Blender/MorphableHumanFemaleG8/FBX/MorphableHumanFemaleG8.prefab
  artifactKey: Guid(23588a3fd776eb8458a8b31d2c0debfa) Importer(815301076,1909f56bfc062723c751e8b465ee728b)
Start importing Assets/AKCondinoO/Sims/Actors/Humanoid/Human/_3D/_Blender/MorphableHumanFemaleG8/FBX/MorphableHumanFemaleG8.prefab using Guid(23588a3fd776eb8458a8b31d2c0debfa) Importer(815301076,1909f56bfc062723c751e8b465ee728b) (PreviewImporter)[PhysX] Initialized MultithreadedTaskDispatcher with 8 workers.
[PhysX] Initialized MultithreadedTaskDispatcher with 8 workers.
 -> (artifact id: 'dc60b18a89177439521d0744f8506abd') in 1.7316195 seconds
Number of updated asset objects reloaded before import = 0Number of asset objects unloaded after import = 812

========================================================================
Received Import Request.
  Time since last request: 767.481190 seconds.
  path: Assets/Scenes/MainScene.unity
  artifactKey: Guid(9fc0d4010bbf28b4594072e72b8655ab) Importer(2089858483,0ecaa5967403d082aa24f35e1b516d23)
Start importing Assets/Scenes/MainScene.unity using Guid(9fc0d4010bbf28b4594072e72b8655ab) Importer(2089858483,0ecaa5967403d082aa24f35e1b516d23) (ScriptedImporter)[PhysX] Initialized MultithreadedTaskDispatcher with 8 workers.
 -> (artifact id: '8884580bae91baea8beedacd9d0e0651') in 0.0173154 seconds
Number of updated asset objects reloaded before import = 0Number of asset objects unloaded after import = 1

========================================================================
Received Import Request.
  Time since last request: 130.287119 seconds.
  path: Assets/AKCondinoO/Sims/Actors/Humanoid/Human/_3D/_UMA/NotSet.png
  artifactKey: Guid(d03b3b0a9f509bc45aa0629f22ce32fc) Importer(815301076,1909f56bfc062723c751e8b465ee728b)
Start importing Assets/AKCondinoO/Sims/Actors/Humanoid/Human/_3D/_UMA/NotSet.png using Guid(d03b3b0a9f509bc45aa0629f22ce32fc) Importer(815301076,1909f56bfc062723c751e8b465ee728b) (PreviewImporter)[PhysX] Initialized MultithreadedTaskDispatcher with 8 workers.
[PhysX] Initialized MultithreadedTaskDispatcher with 8 workers.
 -> (artifact id: '7d604ac7f0ea7ade19458dd3efa704e9') in 0.0330436 seconds
Number of updated asset objects reloaded before import = 0Number of asset objects unloaded after import = 2

========================================================================
Received Import Request.
  Time since last request: 2.298221 seconds.
  path: Assets/AKCondinoO/Sims/Actors/Humanoid/Human/_3D/_UMA/NotSetNRM.png
  artifactKey: Guid(fc9ae852b7d50e9488f1a6a37f706a41) Importer(815301076,1909f56bfc062723c751e8b465ee728b)
Start importing Assets/AKCondinoO/Sims/Actors/Humanoid/Human/_3D/_UMA/NotSetNRM.png using Guid(fc9ae852b7d50e9488f1a6a37f706a41) Importer(815301076,1909f56bfc062723c751e8b465ee728b) (PreviewImporter)[PhysX] Initialized MultithreadedTaskDispatcher with 8 workers.
[PhysX] Initialized MultithreadedTaskDispatcher with 8 workers.
 -> (artifact id: '0d66d161e8d62e8ff9dbd55263c3421f') in 0.026563 seconds
Number of updated asset objects reloaded before import = 0Number of asset objects unloaded after import = 2

========================================================================
Received Import Request.
  Time since last request: 98.961895 seconds.
  path: Assets/UMA/Core/DefaultMissingOverlays/MissingOverlay_Metallic.png
  artifactKey: Guid(db99299ce4304854987b1920d9e2acf0) Importer(815301076,1909f56bfc062723c751e8b465ee728b)
Start importing Assets/UMA/Core/DefaultMissingOverlays/MissingOverlay_Metallic.png using Guid(db99299ce4304854987b1920d9e2acf0) Importer(815301076,1909f56bfc062723c751e8b465ee728b) (PreviewImporter)[PhysX] Initialized MultithreadedTaskDispatcher with 8 workers.
[PhysX] Initialized MultithreadedTaskDispatcher with 8 workers.
 -> (artifact id: '1f4f73841b7779814d35c8404ca21a51') in 0.020503 seconds
Number of updated asset objects reloaded before import = 0Number of asset objects unloaded after import = 2

========================================================================
Received Import Request.
  Time since last request: 1.379403 seconds.
  path: Assets/UMA/Core/DefaultMissingOverlays/MissingOverlay_Normal.png
  artifactKey: Guid(a620076ad71f056459ff697617ff7955) Importer(815301076,1909f56bfc062723c751e8b465ee728b)
Start importing Assets/UMA/Core/DefaultMissingOverlays/MissingOverlay_Normal.png using Guid(a620076ad71f056459ff697617ff7955) Importer(815301076,1909f56bfc062723c751e8b465ee728b) (PreviewImporter)[PhysX] Initialized MultithreadedTaskDispatcher with 8 workers.
[PhysX] Initialized MultithreadedTaskDispatcher with 8 workers.
 -> (artifact id: '34515d950780b01065db8db7801ad967') in 0.0199973 seconds
Number of updated asset objects reloaded before import = 0Number of asset objects unloaded after import = 2

========================================================================
Received Import Request.
  Time since last request: 2.517270 seconds.
  path: Assets/UMA/Core/DefaultMissingOverlays/MissingOverlay_Albedo.png
  artifactKey: Guid(b23f4ca15ef1c39428f64246096d415d) Importer(815301076,1909f56bfc062723c751e8b465ee728b)
Start importing Assets/UMA/Core/DefaultMissingOverlays/MissingOverlay_Albedo.png using Guid(b23f4ca15ef1c39428f64246096d415d) Importer(815301076,1909f56bfc062723c751e8b465ee728b) (PreviewImporter)[PhysX] Initialized MultithreadedTaskDispatcher with 8 workers.
[PhysX] Initialized MultithreadedTaskDispatcher with 8 workers.
 -> (artifact id: '24a163ccf1afa47bbca9b1c25058da0d') in 0.0177994 seconds
Number of updated asset objects reloaded before import = 0Number of asset objects unloaded after import = 2

========================================================================
Received Import Request.
  Time since last request: 115.835286 seconds.
  path: Assets/UMA/Util
  artifactKey: Guid(23f51c9e457cd4047a2b934fec775ff6) Importer(2089858483,0ecaa5967403d082aa24f35e1b516d23)
Start importing Assets/UMA/Util using Guid(23f51c9e457cd4047a2b934fec775ff6) Importer(2089858483,0ecaa5967403d082aa24f35e1b516d23) (ScriptedImporter)[PhysX] Initialized MultithreadedTaskDispatcher with 8 workers.
 -> (artifact id: '6e57c229ac531f7cd784372ba0461e2e') in 0.0201047 seconds
Number of updated asset objects reloaded before import = 0Number of asset objects unloaded after import = 1

========================================================================
Received Import Request.
  Time since last request: 95167.817003 seconds.
  path: Assets/AKCondinoO/Sims/Actors/Humanoid/Human/_3D/_DAZ
  artifactKey: Guid(af831f5bff7dccf458f8a97fb6004fcc) Importer(815301076,1909f56bfc062723c751e8b465ee728b)
Start importing Assets/AKCondinoO/Sims/Actors/Humanoid/Human/_3D/_DAZ using Guid(af831f5bff7dccf458f8a97fb6004fcc) Importer(815301076,1909f56bfc062723c751e8b465ee728b) (PreviewImporter)[PhysX] Initialized MultithreadedTaskDispatcher with 8 workers.
 -> (artifact id: '388d89eebff6d138d22029e820876613') in 0.0053091 seconds
Number of updated asset objects reloaded before import = 0Number of asset objects unloaded after import = 0

========================================================================
Received Import Request.
  Time since last request: 6.512864 seconds.
  path: Assets/AKCondinoO/Sims/Actors/Humanoid/Human/_3D/_DAZ/Morphs
  artifactKey: Guid(805a1b1f500c2284d93b79b4ff38be34) Importer(815301076,1909f56bfc062723c751e8b465ee728b)
Start importing Assets/AKCondinoO/Sims/Actors/Humanoid/Human/_3D/_DAZ/Morphs using Guid(805a1b1f500c2284d93b79b4ff38be34) Importer(815301076,1909f56bfc062723c751e8b465ee728b) (PreviewImporter)[PhysX] Initialized MultithreadedTaskDispatcher with 8 workers.
 -> (artifact id: 'c34ae6a14582993632f0af69ecf533af') in 0.001154 seconds
Number of updated asset objects reloaded before import = 0Number of asset objects unloaded after import = 0

========================================================================
Received Import Request.
  Time since last request: 0.765005 seconds.
  path: Assets/AKCondinoO/Sims/Actors/Humanoid/Human/_3D/_DAZ/Morphs
  artifactKey: Guid(805a1b1f500c2284d93b79b4ff38be34) Importer(2089858483,0ecaa5967403d082aa24f35e1b516d23)
Start importing Assets/AKCondinoO/Sims/Actors/Humanoid/Human/_3D/_DAZ/Morphs using Guid(805a1b1f500c2284d93b79b4ff38be34) Importer(2089858483,0ecaa5967403d082aa24f35e1b516d23) (ScriptedImporter)[PhysX] Initialized MultithreadedTaskDispatcher with 8 workers.
 -> (artifact id: '750ffc030650dc85f1c18b6f4f5f148c') in 0.0550283 seconds
Number of updated asset objects reloaded before import = 0Number of asset objects unloaded after import = 1

========================================================================
Received Import Request.
  Time since last request: 24616.719180 seconds.
  path: Assets/AKCondinoO/Voxels/Terrain/VoxelTerrainChunkUnnamedMessageHandler.cs
  artifactKey: Guid(42b4a2760f1b3594185fd8b4325652ce) Importer(815301076,1909f56bfc062723c751e8b465ee728b)
Start importing Assets/AKCondinoO/Voxels/Terrain/VoxelTerrainChunkUnnamedMessageHandler.cs using Guid(42b4a2760f1b3594185fd8b4325652ce) Importer(815301076,1909f56bfc062723c751e8b465ee728b) (PreviewImporter)[PhysX] Initialized MultithreadedTaskDispatcher with 8 workers.
 -> (artifact id: '867180c4c8e390e9407af7846e20eb62') in 0.1312249 seconds
Number of updated asset objects reloaded before import = 0Number of asset objects unloaded after import = 0

========================================================================
Received Import Request.
  Time since last request: 6150.315346 seconds.
  path: Assets/AKCondinoO/GameEntry.cs
  artifactKey: Guid(bb6aadebbd5a36c4692be5490019ac22) Importer(815301076,1909f56bfc062723c751e8b465ee728b)
Start importing Assets/AKCondinoO/GameEntry.cs using Guid(bb6aadebbd5a36c4692be5490019ac22) Importer(815301076,1909f56bfc062723c751e8b465ee728b) (PreviewImporter)[PhysX] Initialized MultithreadedTaskDispatcher with 8 workers.
 -> (artifact id: '68983f921341c013f8d265aaaf5e5859') in 0.0037822 seconds
Number of updated asset objects reloaded before import = 0Number of asset objects unloaded after import = 0

========================================================================
Received Import Request.
  Time since last request: 16.640531 seconds.
  path: Assets/AKCondinoO/MainMenu.cs
  artifactKey: Guid(e7c58afae3b6ecd4380baf4ef9792961) Importer(815301076,1909f56bfc062723c751e8b465ee728b)
Start importing Assets/AKCondinoO/MainMenu.cs using Guid(e7c58afae3b6ecd4380baf4ef9792961) Importer(815301076,1909f56bfc062723c751e8b465ee728b) (PreviewImporter)[PhysX] Initialized MultithreadedTaskDispatcher with 8 workers.
 -> (artifact id: 'c062244f77ee46fe299f60d7a02e9ba8') in 0.0022202 seconds
Number of updated asset objects reloaded before import = 0Number of asset objects unloaded after import = 0

========================================================================
Received Import Request.
  Time since last request: 80.812218 seconds.
  path: Assets/AKCondinoO/MainMenu.prefab
  artifactKey: Guid(d18f13aa6c699ae4fafde0a04d6c8033) Importer(815301076,1909f56bfc062723c751e8b465ee728b)
Start importing Assets/AKCondinoO/MainMenu.prefab using Guid(d18f13aa6c699ae4fafde0a04d6c8033) Importer(815301076,1909f56bfc062723c751e8b465ee728b) (PreviewImporter)[PhysX] Initialized MultithreadedTaskDispatcher with 8 workers.
 -> (artifact id: 'b25906d6f0bc9bfc382171f721782a22') in 0.8812707 seconds
Number of updated asset objects reloaded before import = 0Number of asset objects unloaded after import = 20

========================================================================
Received Import Request.
  Time since last request: 6.910167 seconds.
  path: Assets/AKCondinoO/MainMenu.prefab
  artifactKey: Guid(d18f13aa6c699ae4fafde0a04d6c8033) Importer(815301076,1909f56bfc062723c751e8b465ee728b)
Start importing Assets/AKCondinoO/MainMenu.prefab using Guid(d18f13aa6c699ae4fafde0a04d6c8033) Importer(815301076,1909f56bfc062723c751e8b465ee728b) (PreviewImporter)[PhysX] Initialized MultithreadedTaskDispatcher with 8 workers.
 -> (artifact id: '5d12da5a4ad6e13ac11684be6d0d6932') in 0.0058914 seconds
Number of updated asset objects reloaded before import = 0Number of asset objects unloaded after import = 20

========================================================================
Received Import Request.
  Time since last request: 0.710996 seconds.
  path: Assets/AKCondinoO/MainMenu.prefab
  artifactKey: Guid(d18f13aa6c699ae4fafde0a04d6c8033) Importer(2089858483,0ecaa5967403d082aa24f35e1b516d23)
Start importing Assets/AKCondinoO/MainMenu.prefab using Guid(d18f13aa6c699ae4fafde0a04d6c8033) Importer(2089858483,0ecaa5967403d082aa24f35e1b516d23) (ScriptedImporter)[PhysX] Initialized MultithreadedTaskDispatcher with 8 workers.
 -> (artifact id: '15d51f570d6b492d837870bdd71b3b9e') in 0.2169334 seconds
Number of updated asset objects reloaded before import = 0Number of asset objects unloaded after import = 20

========================================================================
Received Prepare
Refreshing native plugins compatible for Editor in 3.02 ms, found 4 plugins.
Preloading 0 native plugins for Editor in 0.00 ms.
Unloading 47 Unused Serialized files (Serialized files now loaded: 0)
Unloading 7737 unused Assets / (7.8 MB). Loaded Objects now: 8430.
Memory consumption went from 240.3 MB to 232.5 MB.
Total: 447.883600 ms (FindLiveObjects: 1.920200 ms CreateObjectMapping: 1.887000 ms MarkObjects: 440.106700 ms  DeleteObjects: 3.967400 ms)

Prepare: number of updated asset objects reloaded= 0
========================================================================
Received Import Request.
  Time since last request: 2981.047782 seconds.
  path: Assets/AKCondinoO/Sims/Actors/Humanoid/Human/_3D/_DAZ/Morphs/G8/_D_Former_Human_Eye_Pos_Horizontal.dsf
  artifactKey: Guid(a9ace7ffbc28a21498203fa87fa3502b) Importer(2089858483,0ecaa5967403d082aa24f35e1b516d23)
Start importing Assets/AKCondinoO/Sims/Actors/Humanoid/Human/_3D/_DAZ/Morphs/G8/_D_Former_Human_Eye_Pos_Horizontal.dsf using Guid(a9ace7ffbc28a21498203fa87fa3502b) Importer(2089858483,0ecaa5967403d082aa24f35e1b516d23) (ScriptedImporter)[PhysX] Initialized MultithreadedTaskDispatcher with 8 workers.
 -> (artifact id: 'cce4eb6cb8aabc0d5909ec86eccda1d0') in 0.1413381 seconds
Number of updated asset objects reloaded before import = 0Number of asset objects unloaded after import = 1

========================================================================
Received Import Request.
  Time since last request: 0.000092 seconds.
  path: Assets/AKCondinoO/Sims/Actors/Humanoid/Human/_3D/_DAZ/Morphs/G8/_D_Former_Human_Eye_Pos_Depth.dsf
  artifactKey: Guid(67b7c3409f30da0438be17c83b393dd9) Importer(2089858483,0ecaa5967403d082aa24f35e1b516d23)
Start importing Assets/AKCondinoO/Sims/Actors/Humanoid/Human/_3D/_DAZ/Morphs/G8/_D_Former_Human_Eye_Pos_Depth.dsf using Guid(67b7c3409f30da0438be17c83b393dd9) Importer(2089858483,0ecaa5967403d082aa24f35e1b516d23) (ScriptedImporter)[PhysX] Initialized MultithreadedTaskDispatcher with 8 workers.
 -> (artifact id: 'b9d5141d1cc14e3cd505f37222d820b3') in 0.0143 seconds
Number of updated asset objects reloaded before import = 0Number of asset objects unloaded after import = 1

========================================================================
Received Import Request.
  Time since last request: 0.000155 seconds.
  path: Assets/AKCondinoO/Sims/Actors/Humanoid/Human/_3D/_DAZ/Morphs/G8/_D_Former_Human_Eye_Pos.dsf
  artifactKey: Guid(057c0fea3e1a8944da9b24290a67e08e) Importer(2089858483,0ecaa5967403d082aa24f35e1b516d23)
Start importing Assets/AKCondinoO/Sims/Actors/Humanoid/Human/_3D/_DAZ/Morphs/G8/_D_Former_Human_Eye_Pos.dsf using Guid(057c0fea3e1a8944da9b24290a67e08e) Importer(2089858483,0ecaa5967403d082aa24f35e1b516d23) (ScriptedImporter)[PhysX] Initialized MultithreadedTaskDispatcher with 8 workers.
 -> (artifact id: '6d6c8871bcebd31604ed1597e9f68d70') in 0.0167848 seconds
Number of updated asset objects reloaded before import = 0Number of asset objects unloaded after import = 1

========================================================================
Received Import Request.
  Time since last request: 0.000149 seconds.
  path: Assets/AKCondinoO/Sims/Actors/Humanoid/Human/_3D/_DAZ/Morphs/G8/_D_Former_Human_Eyebrow_Pos_Horizontal.dsf
  artifactKey: Guid(21ed705bca5ed9a41bd71c533af59c02) Importer(2089858483,0ecaa5967403d082aa24f35e1b516d23)
Start importing Assets/AKCondinoO/Sims/Actors/Humanoid/Human/_3D/_DAZ/Morphs/G8/_D_Former_Human_Eyebrow_Pos_Horizontal.dsf using Guid(21ed705bca5ed9a41bd71c533af59c02) Importer(2089858483,0ecaa5967403d082aa24f35e1b516d23) (ScriptedImporter)[PhysX] Initialized MultithreadedTaskDispatcher with 8 workers.
 -> (artifact id: 'df3e4b945ae874bbc6cb4bed3bb6cc70') in 0.017815 seconds
Number of updated asset objects reloaded before import = 0Number of asset objects unloaded after import = 1

========================================================================
Received Import Request.
  Time since last request: 0.000090 seconds.
  path: Assets/AKCondinoO/Sims/Actors/Humanoid/Human/_3D/_DAZ/MorphableHumanFemaleG8/MorphableHumanFemaleG8.duf.png
  artifactKey: Guid(16513a63e7004b641ba7c1e4ca2dbadc) Importer(2089858483,0ecaa5967403d082aa24f35e1b516d23)
Start importing Assets/AKCondinoO/Sims/Actors/Humanoid/Human/_3D/_DAZ/MorphableHumanFemaleG8/MorphableHumanFemaleG8.duf.png using Guid(16513a63e7004b641ba7c1e4ca2dbadc) Importer(2089858483,0ecaa5967403d082aa24f35e1b516d23) (ScriptedImporter)[PhysX] Initialized MultithreadedTaskDispatcher with 8 workers.
 -> (artifact id: '816514d91c65e2d2662d6e2f4ff0b37a') in 0.1368778 seconds
Number of updated asset objects reloaded before import = 0Number of asset objects unloaded after import = 1

========================================================================
Received Import Request.
  Time since last request: 0.000151 seconds.
  path: Assets/AKCondinoO/Sims/Actors/Humanoid/Human/_3D/_Blender/MorphableHumanFemaleG8/MorphableHumanFemaleG8.blend
  artifactKey: Guid(c4025634cb5e9aa4399d8f8e1b7c48d6) Importer(2089858483,0ecaa5967403d082aa24f35e1b516d23)
Start importing Assets/AKCondinoO/Sims/Actors/Humanoid/Human/_3D/_Blender/MorphableHumanFemaleG8/MorphableHumanFemaleG8.blend using Guid(c4025634cb5e9aa4399d8f8e1b7c48d6) Importer(2089858483,0ecaa5967403d082aa24f35e1b516d23) (ScriptedImporter)[PhysX] Initialized MultithreadedTaskDispatcher with 8 workers.
 -> (artifact id: '251e1ea7073db6aa168a1a982c0507c4') in 6.0344397 seconds
Number of updated asset objects reloaded before import = 0Number of asset objects unloaded after import = 606

========================================================================
Received Prepare
Begin MonoManager ReloadAssembly
Symbol file LoadedFromMemory is not a mono symbol file
- Loaded All Assemblies, in  2.045 seconds
Refreshing native plugins compatible for Editor in 3.69 ms, found 4 plugins.
Native extension for WindowsStandalone target not found
[MODES] ModeService[none].Initialize
[MODES] ModeService[none].LoadModes
Mono: successfully reloaded assembly
- Finished resetting the current domain, in  1.711 seconds
Domain Reload Profiling: 3749ms
	BeginReloadAssembly (643ms)
		ExecutionOrderSort (0ms)
		DisableScriptedObjects (13ms)
		BackupInstance (0ms)
		ReleaseScriptingObjects (0ms)
		CreateAndSetChildDomain (272ms)
	RebuildCommonClasses (58ms)
	RebuildNativeTypeToScriptingClass (35ms)
	initialDomainReloadingComplete (66ms)
	LoadAllAssembliesAndSetupDomain (1236ms)
		LoadAssemblies (955ms)
		RebuildTransferFunctionScriptingTraits (0ms)
		AnalyzeDomain (494ms)
			TypeCache.Refresh (28ms)
				TypeCache.ScanAssembly (6ms)
			BuildScriptInfoCaches (440ms)
			ResolveRequiredComponents (15ms)
	FinalizeReload (1711ms)
		ReleaseScriptCaches (0ms)
		RebuildScriptCaches (0ms)
		SetupLoadedEditorAssemblies (1258ms)
			LogAssemblyErrors (0ms)
			InitializePlatformSupportModulesInManaged (4ms)
			SetLoadedEditorAssemblies (10ms)
			BeforeProcessingInitializeOnLoad (159ms)
			ProcessInitializeOnLoadAttributes (659ms)
			ProcessInitializeOnLoadMethodAttributes (416ms)
			AfterProcessingInitializeOnLoad (10ms)
			EditorAssembliesLoaded (1ms)
		ExecutionOrderSort2 (0ms)
		AwakeInstancesAfterBackupRestoration (13ms)
Refreshing native plugins compatible for Editor in 2.48 ms, found 4 plugins.
Preloading 0 native plugins for Editor in 0.00 ms.
Unloading 47 Unused Serialized files (Serialized files now loaded: 0)
Unloading 7748 unused Assets / (7.9 MB). Loaded Objects now: 8434.
Memory consumption went from 245.1 MB to 237.3 MB.
Total: 14.666300 ms (FindLiveObjects: 1.164000 ms CreateObjectMapping: 2.564700 ms MarkObjects: 7.064600 ms  DeleteObjects: 3.871600 ms)

Prepare: number of updated asset objects reloaded= 0
Editor requested this worker to shutdown with reason: Scaling down because of idle timeout
AssetImportWorker is now disconnected from the server
Process exiting
Exiting without the bug reporter. Application will terminate with return code 0