Using pre-set license
Built from 'trunk' branch; Version is '6000.0.3f1 (019aa96b6ed9) revision 105129'; Using compiler version '193933522'; Build Type 'Release'
OS: 'Windows 11  (10.0.22631) 64bit Professional' Language: 'pt' Physical Memory: 32167 MB
BatchMode: 1, IsHumanControllingUs: 0, StartBugReporterOnCrash: 0, Is64bit: 1, IsPro: 1

COMMAND LINE ARGUMENTS:
C:\Unity\Hub\Editor\6000.0.3f1\Editor\Unity.exe
-adb2
-batchMode
-noUpm
-name
AssetImportWorker5
-projectPath
C:/Users/arthu/Documentos/GitHub/AbSolitude
-logFile
Logs/AssetImportWorker5.log
-srvPort
57095
-job-worker-count
7
-background-job-worker-count
8
-asset-garbage-collectors
1
Successfully changed project path to: C:/Users/arthu/Documentos/GitHub/AbSolitude
C:/Users/arthu/Documentos/GitHub/AbSolitude
[UnityMemory] Configuration Parameters - Can be set up in boot.config
    "memorysetup-bucket-allocator-granularity=16"
    "memorysetup-bucket-allocator-bucket-count=8"
    "memorysetup-bucket-allocator-block-size=33554432"
    "memorysetup-bucket-allocator-block-count=8"
    "memorysetup-main-allocator-block-size=16777216"
    "memorysetup-thread-allocator-block-size=16777216"
    "memorysetup-gfx-main-allocator-block-size=16777216"
    "memorysetup-gfx-thread-allocator-block-size=16777216"
    "memorysetup-cache-allocator-block-size=4194304"
    "memorysetup-typetree-allocator-block-size=2097152"
    "memorysetup-profiler-bucket-allocator-granularity=16"
    "memorysetup-profiler-bucket-allocator-bucket-count=8"
    "memorysetup-profiler-bucket-allocator-block-size=33554432"
    "memorysetup-profiler-bucket-allocator-block-count=8"
    "memorysetup-profiler-allocator-block-size=16777216"
    "memorysetup-profiler-editor-allocator-block-size=1048576"
    "memorysetup-temp-allocator-size-main=16777216"
    "memorysetup-job-temp-allocator-block-size=2097152"
    "memorysetup-job-temp-allocator-block-size-background=1048576"
    "memorysetup-job-temp-allocator-reduction-small-platforms=262144"
    "memorysetup-allocator-temp-initial-block-size-main=262144"
    "memorysetup-allocator-temp-initial-block-size-worker=262144"
    "memorysetup-temp-allocator-size-background-worker=32768"
    "memorysetup-temp-allocator-size-job-worker=262144"
    "memorysetup-temp-allocator-size-preload-manager=33554432"
    "memorysetup-temp-allocator-size-nav-mesh-worker=65536"
    "memorysetup-temp-allocator-size-audio-worker=65536"
    "memorysetup-temp-allocator-size-cloud-worker=32768"
    "memorysetup-temp-allocator-size-gi-baking-worker=262144"
    "memorysetup-temp-allocator-size-gi-baking-worker=262144"
    "memorysetup-temp-allocator-size-gi-baking-worker=262144"
    "memorysetup-temp-allocator-size-gi-baking-worker=262144"
    "memorysetup-temp-allocator-size-gi-baking-worker=262144"
    "memorysetup-temp-allocator-size-gfx=262144"
Player connection [43680]  Target information:

Player connection [43680]  * "[IP] 192.168.15.2 [Port] 0 [Flags] 2 [Guid] 961054007 [EditorId] 961054007 [Version] 1048832 [Id] WindowsEditor(7,ARTHUR-DESKTOP) [Debug] 1 [PackageName] WindowsEditor [ProjectName] Editor" 

Player connection [43680]  * "[IP] 192.168.0.2 [Port] 0 [Flags] 2 [Guid] 961054007 [EditorId] 961054007 [Version] 1048832 [Id] WindowsEditor(7,ARTHUR-DESKTOP) [Debug] 1 [PackageName] WindowsEditor [ProjectName] Editor" 

Player connection [43680] Host joined multi-casting on [225.0.0.222:54997]...
Player connection [43680] Host joined alternative multi-casting on [225.0.0.222:34997]...
JobSystem: Creating JobQueue using job-worker-count value 7
Library Redirect Path: Library/
[PhysX] Initialized MultithreadedTaskDispatcher with 8 workers.
Refreshing native plugins compatible for Editor in 3.57 ms, found 4 plugins.
Preloading 0 native plugins for Editor in 0.00 ms.
Initialize engine version: 6000.0.3f1 (019aa96b6ed9)
[Subsystems] Discovering subsystems at path C:/Unity/Hub/Editor/6000.0.3f1/Editor/Data/Resources/UnitySubsystems
[Subsystems] Discovering subsystems at path C:/Users/arthu/Documentos/GitHub/AbSolitude/Assets
GfxDevice: creating device client; kGfxThreadingModeNonThreaded
Direct3D:
    Version:  Direct3D 11.0 [level 11.1]
    Renderer: NVIDIA GeForce RTX 2060 (ID=0x1e89)
    Vendor:   NVIDIA
    VRAM:     5945 MB
    Driver:   32.0.15.5612
Initialize mono
Mono path[0] = 'C:/Unity/Hub/Editor/6000.0.3f1/Editor/Data/Managed'
Mono path[1] = 'C:/Unity/Hub/Editor/6000.0.3f1/Editor/Data/MonoBleedingEdge/lib/mono/unityjit-win32'
Mono config path = 'C:/Unity/Hub/Editor/6000.0.3f1/Editor/Data/MonoBleedingEdge/etc'
Using monoOptions --debugger-agent=transport=dt_socket,embedding=1,server=y,suspend=n,address=127.0.0.1:56832
Begin MonoManager ReloadAssembly
Registering precompiled unity dll's ...
Register platform support module: C:/Unity/Hub/Editor/6000.0.3f1/Editor/Data/PlaybackEngines/WindowsStandaloneSupport/UnityEditor.WindowsStandalone.Extensions.dll
Registered in 0.005871 seconds.
- Loaded All Assemblies, in  0.731 seconds
Native extension for WindowsStandalone target not found
Mono: successfully reloaded assembly
- Finished resetting the current domain, in  0.735 seconds
Domain Reload Profiling: 1461ms
	BeginReloadAssembly (207ms)
		ExecutionOrderSort (0ms)
		DisableScriptedObjects (0ms)
		BackupInstance (0ms)
		ReleaseScriptingObjects (0ms)
		CreateAndSetChildDomain (1ms)
	RebuildCommonClasses (77ms)
	RebuildNativeTypeToScriptingClass (19ms)
	initialDomainReloadingComplete (95ms)
	LoadAllAssembliesAndSetupDomain (327ms)
		LoadAssemblies (203ms)
		RebuildTransferFunctionScriptingTraits (0ms)
		AnalyzeDomain (322ms)
			TypeCache.Refresh (320ms)
				TypeCache.ScanAssembly (289ms)
			BuildScriptInfoCaches (0ms)
			ResolveRequiredComponents (1ms)
	FinalizeReload (736ms)
		ReleaseScriptCaches (0ms)
		RebuildScriptCaches (0ms)
		SetupLoadedEditorAssemblies (640ms)
			LogAssemblyErrors (0ms)
			InitializePlatformSupportModulesInManaged (36ms)
			SetLoadedEditorAssemblies (6ms)
			BeforeProcessingInitializeOnLoad (8ms)
			ProcessInitializeOnLoadAttributes (311ms)
			ProcessInitializeOnLoadMethodAttributes (278ms)
			AfterProcessingInitializeOnLoad (0ms)
			EditorAssembliesLoaded (0ms)
		ExecutionOrderSort2 (0ms)
		AwakeInstancesAfterBackupRestoration (0ms)
========================================================================
Worker process is ready to serve import requests
Import Worker Mode flag is 0x00
Begin MonoManager ReloadAssembly
Symbol file LoadedFromMemory is not a mono symbol file
- Loaded All Assemblies, in  2.220 seconds
Refreshing native plugins compatible for Editor in 2.50 ms, found 4 plugins.
Native extension for WindowsStandalone target not found
Refreshing native plugins compatible for Editor in 2.57 ms, found 4 plugins.
[MODES] ModeService[none].Initialize
[MODES] ModeService[none].LoadModes
[MODES] Loading mode Default (0) for mode-current-id-AbSolitude
Mono: successfully reloaded assembly
- Finished resetting the current domain, in  1.546 seconds
Domain Reload Profiling: 3746ms
	BeginReloadAssembly (773ms)
		ExecutionOrderSort (0ms)
		DisableScriptedObjects (13ms)
		BackupInstance (0ms)
		ReleaseScriptingObjects (0ms)
		CreateAndSetChildDomain (46ms)
	RebuildCommonClasses (62ms)
	RebuildNativeTypeToScriptingClass (18ms)
	initialDomainReloadingComplete (51ms)
	LoadAllAssembliesAndSetupDomain (1295ms)
		LoadAssemblies (842ms)
		RebuildTransferFunctionScriptingTraits (0ms)
		AnalyzeDomain (623ms)
			TypeCache.Refresh (439ms)
				TypeCache.ScanAssembly (405ms)
			BuildScriptInfoCaches (155ms)
			ResolveRequiredComponents (22ms)
	FinalizeReload (1547ms)
		ReleaseScriptCaches (0ms)
		RebuildScriptCaches (0ms)
		SetupLoadedEditorAssemblies (1190ms)
			LogAssemblyErrors (0ms)
			InitializePlatformSupportModulesInManaged (4ms)
			SetLoadedEditorAssemblies (6ms)
			BeforeProcessingInitializeOnLoad (136ms)
			ProcessInitializeOnLoadAttributes (688ms)
			ProcessInitializeOnLoadMethodAttributes (347ms)
			AfterProcessingInitializeOnLoad (10ms)
			EditorAssembliesLoaded (0ms)
		ExecutionOrderSort2 (0ms)
		AwakeInstancesAfterBackupRestoration (10ms)
Launched and connected shader compiler UnityShaderCompiler.exe after 0.01 seconds
Refreshing native plugins compatible for Editor in 3.17 ms, found 4 plugins.
Preloading 0 native plugins for Editor in 0.00 ms.
Unloading 176 Unused Serialized files (Serialized files now loaded: 0)
Unloading 7750 unused Assets / (7.9 MB). Loaded Objects now: 8415.
Memory consumption went from 258.0 MB to 250.0 MB.
Total: 18.659000 ms (FindLiveObjects: 1.087600 ms CreateObjectMapping: 1.708800 ms MarkObjects: 11.848000 ms  DeleteObjects: 4.012800 ms)

========================================================================
Received Import Request.
  Time since last request: 302985.139068 seconds.
  path: Assets/AKCondinoO/Sims/Actors/Humanoid/Human/_3D/_DAZ/MorphableHumanFemaleG8/FBX/MorphableHumanFemaleG8.images/g8fbasearmsmapb_1004.jpg
  artifactKey: Guid(2bffe5da02e02ed428decfc3f1dd1e41) Importer(815301076,1909f56bfc062723c751e8b465ee728b)
Start importing Assets/AKCondinoO/Sims/Actors/Humanoid/Human/_3D/_DAZ/MorphableHumanFemaleG8/FBX/MorphableHumanFemaleG8.images/g8fbasearmsmapb_1004.jpg using Guid(2bffe5da02e02ed428decfc3f1dd1e41) Importer(815301076,1909f56bfc062723c751e8b465ee728b) (PreviewImporter)[PhysX] Initialized MultithreadedTaskDispatcher with 8 workers.
[PhysX] Initialized MultithreadedTaskDispatcher with 8 workers.
 -> (artifact id: '443ace0eb70edf5f37b30a0182b71f5b') in 0.1382115 seconds
Number of updated asset objects reloaded before import = 0Number of asset objects unloaded after import = 2

========================================================================
Received Import Request.
  Time since last request: 0.000025 seconds.
  path: Assets/AKCondinoO/Sims/Actors/Humanoid/Human/_3D/_DAZ/MorphableHumanFemaleG8/FBX/MorphableHumanFemaleG8.images/g8fbaseeyelashes_1006.jpg
  artifactKey: Guid(b9bfb9c99567c994186c91a65cbde93f) Importer(815301076,1909f56bfc062723c751e8b465ee728b)
Start importing Assets/AKCondinoO/Sims/Actors/Humanoid/Human/_3D/_DAZ/MorphableHumanFemaleG8/FBX/MorphableHumanFemaleG8.images/g8fbaseeyelashes_1006.jpg using Guid(b9bfb9c99567c994186c91a65cbde93f) Importer(815301076,1909f56bfc062723c751e8b465ee728b) (PreviewImporter)[PhysX] Initialized MultithreadedTaskDispatcher with 8 workers.
[PhysX] Initialized MultithreadedTaskDispatcher with 8 workers.
 -> (artifact id: 'f40c9347aee0ce6c8cd3231c1068c2ee') in 0.0321829 seconds
Number of updated asset objects reloaded before import = 0Number of asset objects unloaded after import = 2

========================================================================
Received Import Request.
  Time since last request: 0.000028 seconds.
  path: Assets/AKCondinoO/Sims/Actors/Humanoid/Human/_3D/_DAZ/MorphableHumanFemaleG8/FBX/MorphableHumanFemaleG8.images/g8fbasearmsmapsss_1004.jpg
  artifactKey: Guid(c442def65e4ddf84fb3e419e1ccbf5a1) Importer(815301076,1909f56bfc062723c751e8b465ee728b)
Start importing Assets/AKCondinoO/Sims/Actors/Humanoid/Human/_3D/_DAZ/MorphableHumanFemaleG8/FBX/MorphableHumanFemaleG8.images/g8fbasearmsmapsss_1004.jpg using Guid(c442def65e4ddf84fb3e419e1ccbf5a1) Importer(815301076,1909f56bfc062723c751e8b465ee728b) (PreviewImporter)[PhysX] Initialized MultithreadedTaskDispatcher with 8 workers.
[PhysX] Initialized MultithreadedTaskDispatcher with 8 workers.
 -> (artifact id: '2441d1513f0e44ad9a9d9a5aa6ac8725') in 0.022136 seconds
Number of updated asset objects reloaded before import = 0Number of asset objects unloaded after import = 2

========================================================================
Received Import Request.
  Time since last request: 0.000065 seconds.
  path: Assets/AKCondinoO/Sims/Actors/Humanoid/Human/_3D/_DAZ/MorphableHumanFemaleG8/FBX/MorphableHumanFemaleG8.images/g8fbasemouthmapb_1005.jpg
  artifactKey: Guid(a16683413a803a1439d1d20264590fe7) Importer(815301076,1909f56bfc062723c751e8b465ee728b)
Start importing Assets/AKCondinoO/Sims/Actors/Humanoid/Human/_3D/_DAZ/MorphableHumanFemaleG8/FBX/MorphableHumanFemaleG8.images/g8fbasemouthmapb_1005.jpg using Guid(a16683413a803a1439d1d20264590fe7) Importer(815301076,1909f56bfc062723c751e8b465ee728b) (PreviewImporter)[PhysX] Initialized MultithreadedTaskDispatcher with 8 workers.
[PhysX] Initialized MultithreadedTaskDispatcher with 8 workers.
 -> (artifact id: '184f82e6840f1c1fb3a5edad03c5e0c2') in 0.0206224 seconds
Number of updated asset objects reloaded before import = 0Number of asset objects unloaded after import = 2

========================================================================
Received Import Request.
  Time since last request: 0.000067 seconds.
  path: Assets/AKCondinoO/Sims/Actors/Humanoid/Human/_3D/_DAZ/MorphableHumanFemaleG8/FBX/MorphableHumanFemaleG8.images/g8fbaseeyesb_1007.jpg
  artifactKey: Guid(6901c0a819fa4404ea31bd1496200377) Importer(815301076,1909f56bfc062723c751e8b465ee728b)
Start importing Assets/AKCondinoO/Sims/Actors/Humanoid/Human/_3D/_DAZ/MorphableHumanFemaleG8/FBX/MorphableHumanFemaleG8.images/g8fbaseeyesb_1007.jpg using Guid(6901c0a819fa4404ea31bd1496200377) Importer(815301076,1909f56bfc062723c751e8b465ee728b) (PreviewImporter)[PhysX] Initialized MultithreadedTaskDispatcher with 8 workers.
[PhysX] Initialized MultithreadedTaskDispatcher with 8 workers.
 -> (artifact id: '612e5c94160a4a8c94c62bb701a07f10') in 0.0224364 seconds
Number of updated asset objects reloaded before import = 0Number of asset objects unloaded after import = 2

========================================================================
Received Import Request.
  Time since last request: 0.000027 seconds.
  path: Assets/AKCondinoO/Sims/Actors/Humanoid/Human/_3D/_DAZ/MorphableHumanFemaleG8/FBX/MorphableHumanFemaleG8.images/g8fbaselegsmapb_1003.jpg
  artifactKey: Guid(84fe82d2c2ea19c4d9fb25d34957a2ea) Importer(815301076,1909f56bfc062723c751e8b465ee728b)
Start importing Assets/AKCondinoO/Sims/Actors/Humanoid/Human/_3D/_DAZ/MorphableHumanFemaleG8/FBX/MorphableHumanFemaleG8.images/g8fbaselegsmapb_1003.jpg using Guid(84fe82d2c2ea19c4d9fb25d34957a2ea) Importer(815301076,1909f56bfc062723c751e8b465ee728b) (PreviewImporter)[PhysX] Initialized MultithreadedTaskDispatcher with 8 workers.
[PhysX] Initialized MultithreadedTaskDispatcher with 8 workers.
 -> (artifact id: '4e3c3da3241835ab79942b4fc9b02355') in 0.023311 seconds
Number of updated asset objects reloaded before import = 0Number of asset objects unloaded after import = 2

========================================================================
Received Import Request.
  Time since last request: 0.000058 seconds.
  path: Assets/AKCondinoO/Sims/Actors/Humanoid/Human/_3D/_DAZ/MorphableHumanFemaleG8/FBX/MorphableHumanFemaleG8.images/g8fbaselegsmapsss_1003.jpg
  artifactKey: Guid(cfdf80b04ece55d438cab1faab091550) Importer(815301076,1909f56bfc062723c751e8b465ee728b)
Start importing Assets/AKCondinoO/Sims/Actors/Humanoid/Human/_3D/_DAZ/MorphableHumanFemaleG8/FBX/MorphableHumanFemaleG8.images/g8fbaselegsmapsss_1003.jpg using Guid(cfdf80b04ece55d438cab1faab091550) Importer(815301076,1909f56bfc062723c751e8b465ee728b) (PreviewImporter)[PhysX] Initialized MultithreadedTaskDispatcher with 8 workers.
[PhysX] Initialized MultithreadedTaskDispatcher with 8 workers.
 -> (artifact id: '36adae240980a668dc74455c59831f72') in 0.0231473 seconds
Number of updated asset objects reloaded before import = 0Number of asset objects unloaded after import = 2

========================================================================
Received Import Request.
  Time since last request: 0.000103 seconds.
  path: Assets/AKCondinoO/Sims/Actors/Humanoid/Human/_3D/_DAZ/MorphableHumanFemaleG8/FBX/MorphableHumanFemaleG8.images/g8fbaseeyestr01_1007.jpg
  artifactKey: Guid(7927eaa1216f5d24ca6fb1000d4d5870) Importer(815301076,1909f56bfc062723c751e8b465ee728b)
Start importing Assets/AKCondinoO/Sims/Actors/Humanoid/Human/_3D/_DAZ/MorphableHumanFemaleG8/FBX/MorphableHumanFemaleG8.images/g8fbaseeyestr01_1007.jpg using Guid(7927eaa1216f5d24ca6fb1000d4d5870) Importer(815301076,1909f56bfc062723c751e8b465ee728b) (PreviewImporter)[PhysX] Initialized MultithreadedTaskDispatcher with 8 workers.
[PhysX] Initialized MultithreadedTaskDispatcher with 8 workers.
 -> (artifact id: 'a0edceb035cea46acb0f8f922ba08ca8') in 0.0204872 seconds
Number of updated asset objects reloaded before import = 0Number of asset objects unloaded after import = 2

========================================================================
Received Import Request.
  Time since last request: 1.662074 seconds.
  path: Assets/AKCondinoO/Sims/Actors/Humanoid/Human/_3D/_DAZ/MorphableHumanFemaleG8/FBX/MorphableHumanFemaleG8.images/g8fbasetorsomapb_1002.jpg
  artifactKey: Guid(1718e06c0ab1fa44192f7d8b72f052a0) Importer(815301076,1909f56bfc062723c751e8b465ee728b)
Start importing Assets/AKCondinoO/Sims/Actors/Humanoid/Human/_3D/_DAZ/MorphableHumanFemaleG8/FBX/MorphableHumanFemaleG8.images/g8fbasetorsomapb_1002.jpg using Guid(1718e06c0ab1fa44192f7d8b72f052a0) Importer(815301076,1909f56bfc062723c751e8b465ee728b) (PreviewImporter)[PhysX] Initialized MultithreadedTaskDispatcher with 8 workers.
[PhysX] Initialized MultithreadedTaskDispatcher with 8 workers.
 -> (artifact id: '0f47a5fd5f16f4a81306f0383c0454a2') in 0.0203443 seconds
Number of updated asset objects reloaded before import = 0Number of asset objects unloaded after import = 2

========================================================================
Received Import Request.
  Time since last request: 0.000041 seconds.
  path: Assets/AKCondinoO/Sims/Actors/Humanoid/Human/_3D/_DAZ/MorphableHumanFemaleG8/FBX/MorphableHumanFemaleG8.images/g8fbasetorsomapsss_1002.jpg
  artifactKey: Guid(0f6ac700c60e8ae4da69b37f4549d745) Importer(815301076,1909f56bfc062723c751e8b465ee728b)
Start importing Assets/AKCondinoO/Sims/Actors/Humanoid/Human/_3D/_DAZ/MorphableHumanFemaleG8/FBX/MorphableHumanFemaleG8.images/g8fbasetorsomapsss_1002.jpg using Guid(0f6ac700c60e8ae4da69b37f4549d745) Importer(815301076,1909f56bfc062723c751e8b465ee728b) (PreviewImporter)[PhysX] Initialized MultithreadedTaskDispatcher with 8 workers.
[PhysX] Initialized MultithreadedTaskDispatcher with 8 workers.
 -> (artifact id: '1edda55bf2bebdcf7494bea2bd928308') in 0.0215479 seconds
Number of updated asset objects reloaded before import = 0Number of asset objects unloaded after import = 2

========================================================================
Received Import Request.
  Time since last request: 0.000138 seconds.
  path: Assets/AKCondinoO/Sims/Actors/Humanoid/Human/_3D/_DAZ/MorphableHumanFemaleG8/FBX/MorphableHumanFemaleG8.images/g8fbasetorsomapd_1002.jpg
  artifactKey: Guid(4190653f585fcc946aad15f267fed7c5) Importer(815301076,1909f56bfc062723c751e8b465ee728b)
Start importing Assets/AKCondinoO/Sims/Actors/Humanoid/Human/_3D/_DAZ/MorphableHumanFemaleG8/FBX/MorphableHumanFemaleG8.images/g8fbasetorsomapd_1002.jpg using Guid(4190653f585fcc946aad15f267fed7c5) Importer(815301076,1909f56bfc062723c751e8b465ee728b) (PreviewImporter)[PhysX] Initialized MultithreadedTaskDispatcher with 8 workers.
[PhysX] Initialized MultithreadedTaskDispatcher with 8 workers.
 -> (artifact id: '98bfbc5422851e823d835115bf3c0521') in 0.0295758 seconds
Number of updated asset objects reloaded before import = 0Number of asset objects unloaded after import = 2

Editor requested this worker to shutdown with reason: Scaling down because of idle timeout
AssetImportWorker is now disconnected from the server
Process exiting
Exiting without the bug reporter. Application will terminate with return code 0