Using pre-set license
Built from 'trunk' branch; Version is '6000.0.3f1 (019aa96b6ed9) revision 105129'; Using compiler version '193933522'; Build Type 'Release'
OS: 'Windows 11  (10.0.22631) 64bit Professional' Language: 'pt' Physical Memory: 32167 MB
BatchMode: 1, IsHumanControllingUs: 0, StartBugReporterOnCrash: 0, Is64bit: 1, IsPro: 1

COMMAND LINE ARGUMENTS:
C:\Unity\Hub\Editor\6000.0.3f1\Editor\Unity.exe
-adb2
-batchMode
-noUpm
-name
AssetImportWorker7
-projectPath
C:/Users/arthu/Documentos/GitHub/AbSolitude
-logFile
Logs/AssetImportWorker7.log
-srvPort
57095
-job-worker-count
7
-background-job-worker-count
8
-asset-garbage-collectors
1
Successfully changed project path to: C:/Users/arthu/Documentos/GitHub/AbSolitude
C:/Users/arthu/Documentos/GitHub/AbSolitude
[UnityMemory] Configuration Parameters - Can be set up in boot.config
    "memorysetup-bucket-allocator-granularity=16"
    "memorysetup-bucket-allocator-bucket-count=8"
    "memorysetup-bucket-allocator-block-size=33554432"
    "memorysetup-bucket-allocator-block-count=8"
    "memorysetup-main-allocator-block-size=16777216"
    "memorysetup-thread-allocator-block-size=16777216"
    "memorysetup-gfx-main-allocator-block-size=16777216"
    "memorysetup-gfx-thread-allocator-block-size=16777216"
    "memorysetup-cache-allocator-block-size=4194304"
    "memorysetup-typetree-allocator-block-size=2097152"
    "memorysetup-profiler-bucket-allocator-granularity=16"
    "memorysetup-profiler-bucket-allocator-bucket-count=8"
    "memorysetup-profiler-bucket-allocator-block-size=33554432"
    "memorysetup-profiler-bucket-allocator-block-count=8"
    "memorysetup-profiler-allocator-block-size=16777216"
    "memorysetup-profiler-editor-allocator-block-size=1048576"
    "memorysetup-temp-allocator-size-main=16777216"
    "memorysetup-job-temp-allocator-block-size=2097152"
    "memorysetup-job-temp-allocator-block-size-background=1048576"
    "memorysetup-job-temp-allocator-reduction-small-platforms=262144"
    "memorysetup-allocator-temp-initial-block-size-main=262144"
    "memorysetup-allocator-temp-initial-block-size-worker=262144"
    "memorysetup-temp-allocator-size-background-worker=32768"
    "memorysetup-temp-allocator-size-job-worker=262144"
    "memorysetup-temp-allocator-size-preload-manager=33554432"
    "memorysetup-temp-allocator-size-nav-mesh-worker=65536"
    "memorysetup-temp-allocator-size-audio-worker=65536"
    "memorysetup-temp-allocator-size-cloud-worker=32768"
    "memorysetup-temp-allocator-size-gi-baking-worker=262144"
    "memorysetup-temp-allocator-size-gi-baking-worker=262144"
    "memorysetup-temp-allocator-size-gi-baking-worker=262144"
    "memorysetup-temp-allocator-size-gi-baking-worker=262144"
    "memorysetup-temp-allocator-size-gi-baking-worker=262144"
    "memorysetup-temp-allocator-size-gfx=262144"
Player connection [34664]  Target information:

Player connection [34664]  * "[IP] 192.168.15.2 [Port] 0 [Flags] 2 [Guid] 1212635259 [EditorId] 1212635259 [Version] 1048832 [Id] WindowsEditor(7,ARTHUR-DESKTOP) [Debug] 1 [PackageName] WindowsEditor [ProjectName] Editor" 

Player connection [34664]  * "[IP] 192.168.0.2 [Port] 0 [Flags] 2 [Guid] 1212635259 [EditorId] 1212635259 [Version] 1048832 [Id] WindowsEditor(7,ARTHUR-DESKTOP) [Debug] 1 [PackageName] WindowsEditor [ProjectName] Editor" 

Player connection [34664] Host joined multi-casting on [225.0.0.222:54997]...
Player connection [34664] Host joined alternative multi-casting on [225.0.0.222:34997]...
JobSystem: Creating JobQueue using job-worker-count value 7
Library Redirect Path: Library/
[PhysX] Initialized MultithreadedTaskDispatcher with 8 workers.
Refreshing native plugins compatible for Editor in 493.27 ms, found 4 plugins.
Preloading 0 native plugins for Editor in 0.00 ms.
Initialize engine version: 6000.0.3f1 (019aa96b6ed9)
[Subsystems] Discovering subsystems at path C:/Unity/Hub/Editor/6000.0.3f1/Editor/Data/Resources/UnitySubsystems
[Subsystems] Discovering subsystems at path C:/Users/arthu/Documentos/GitHub/AbSolitude/Assets
GfxDevice: creating device client; kGfxThreadingModeNonThreaded
Direct3D:
    Version:  Direct3D 11.0 [level 11.1]
    Renderer: NVIDIA GeForce RTX 2060 (ID=0x1e89)
    Vendor:   NVIDIA
    VRAM:     5945 MB
    Driver:   32.0.15.5612
Initialize mono
Mono path[0] = 'C:/Unity/Hub/Editor/6000.0.3f1/Editor/Data/Managed'
Mono path[1] = 'C:/Unity/Hub/Editor/6000.0.3f1/Editor/Data/MonoBleedingEdge/lib/mono/unityjit-win32'
Mono config path = 'C:/Unity/Hub/Editor/6000.0.3f1/Editor/Data/MonoBleedingEdge/etc'
Using monoOptions --debugger-agent=transport=dt_socket,embedding=1,server=y,suspend=n,address=127.0.0.1:56800
Begin MonoManager ReloadAssembly
Registering precompiled unity dll's ...
Register platform support module: C:/Unity/Hub/Editor/6000.0.3f1/Editor/Data/PlaybackEngines/WindowsStandaloneSupport/UnityEditor.WindowsStandalone.Extensions.dll
Registered in 0.281755 seconds.
- Loaded All Assemblies, in 11.315 seconds
Native extension for WindowsStandalone target not found
Mono: successfully reloaded assembly
- Finished resetting the current domain, in  0.702 seconds
Domain Reload Profiling: 12013ms
	BeginReloadAssembly (9022ms)
		ExecutionOrderSort (0ms)
		DisableScriptedObjects (0ms)
		BackupInstance (0ms)
		ReleaseScriptingObjects (0ms)
		CreateAndSetChildDomain (1ms)
	RebuildCommonClasses (604ms)
	RebuildNativeTypeToScriptingClass (18ms)
	initialDomainReloadingComplete (358ms)
	LoadAllAssembliesAndSetupDomain (1308ms)
		LoadAssemblies (9016ms)
		RebuildTransferFunctionScriptingTraits (0ms)
		AnalyzeDomain (1304ms)
			TypeCache.Refresh (1302ms)
				TypeCache.ScanAssembly (993ms)
			BuildScriptInfoCaches (0ms)
			ResolveRequiredComponents (1ms)
	FinalizeReload (703ms)
		ReleaseScriptCaches (0ms)
		RebuildScriptCaches (0ms)
		SetupLoadedEditorAssemblies (608ms)
			LogAssemblyErrors (0ms)
			InitializePlatformSupportModulesInManaged (38ms)
			SetLoadedEditorAssemblies (7ms)
			BeforeProcessingInitializeOnLoad (9ms)
			ProcessInitializeOnLoadAttributes (283ms)
			ProcessInitializeOnLoadMethodAttributes (271ms)
			AfterProcessingInitializeOnLoad (0ms)
			EditorAssembliesLoaded (0ms)
		ExecutionOrderSort2 (0ms)
		AwakeInstancesAfterBackupRestoration (0ms)
========================================================================
Worker process is ready to serve import requests
Import Worker Mode flag is 0x00
Begin MonoManager ReloadAssembly
Symbol file LoadedFromMemory is not a mono symbol file
- Loaded All Assemblies, in 17.501 seconds
Refreshing native plugins compatible for Editor in 3.14 ms, found 4 plugins.
Native extension for WindowsStandalone target not found
Refreshing native plugins compatible for Editor in 2.56 ms, found 4 plugins.
[MODES] ModeService[none].Initialize
[MODES] ModeService[none].LoadModes
[MODES] Loading mode Default (0) for mode-current-id-AbSolitude
Mono: successfully reloaded assembly
- Finished resetting the current domain, in  1.828 seconds
Domain Reload Profiling: 19312ms
	BeginReloadAssembly (2096ms)
		ExecutionOrderSort (0ms)
		DisableScriptedObjects (11ms)
		BackupInstance (0ms)
		ReleaseScriptingObjects (0ms)
		CreateAndSetChildDomain (39ms)
	RebuildCommonClasses (51ms)
	RebuildNativeTypeToScriptingClass (17ms)
	initialDomainReloadingComplete (50ms)
	LoadAllAssembliesAndSetupDomain (15269ms)
		LoadAssemblies (14298ms)
		RebuildTransferFunctionScriptingTraits (0ms)
		AnalyzeDomain (1128ms)
			TypeCache.Refresh (987ms)
				TypeCache.ScanAssembly (906ms)
			BuildScriptInfoCaches (124ms)
			ResolveRequiredComponents (13ms)
	FinalizeReload (1829ms)
		ReleaseScriptCaches (0ms)
		RebuildScriptCaches (0ms)
		SetupLoadedEditorAssemblies (1480ms)
			LogAssemblyErrors (0ms)
			InitializePlatformSupportModulesInManaged (3ms)
			SetLoadedEditorAssemblies (6ms)
			BeforeProcessingInitializeOnLoad (142ms)
			ProcessInitializeOnLoadAttributes (965ms)
			ProcessInitializeOnLoadMethodAttributes (353ms)
			AfterProcessingInitializeOnLoad (10ms)
			EditorAssembliesLoaded (0ms)
		ExecutionOrderSort2 (0ms)
		AwakeInstancesAfterBackupRestoration (10ms)
Launched and connected shader compiler UnityShaderCompiler.exe after 0.05 seconds
Refreshing native plugins compatible for Editor in 2.81 ms, found 4 plugins.
Preloading 0 native plugins for Editor in 0.00 ms.
Unloading 176 Unused Serialized files (Serialized files now loaded: 0)
Unloading 7750 unused Assets / (7.7 MB). Loaded Objects now: 8415.
Memory consumption went from 258.0 MB to 250.3 MB.
Total: 13.908700 ms (FindLiveObjects: 1.057200 ms CreateObjectMapping: 1.624700 ms MarkObjects: 7.213300 ms  DeleteObjects: 4.012200 ms)

========================================================================
Received Import Request.
  Time since last request: 303166.346142 seconds.
  path: Assets/AKCondinoO/Sims/Actors/Humanoid/Human/_3D/_DAZ/MorphableHumanFemaleG8/FBX/MorphableHumanFemaleG8.images/g8fbaselegsmaps_1003.jpg
  artifactKey: Guid(b5df065c9099c9e4da6e5cc448dfa8e4) Importer(815301076,1909f56bfc062723c751e8b465ee728b)
Start importing Assets/AKCondinoO/Sims/Actors/Humanoid/Human/_3D/_DAZ/MorphableHumanFemaleG8/FBX/MorphableHumanFemaleG8.images/g8fbaselegsmaps_1003.jpg using Guid(b5df065c9099c9e4da6e5cc448dfa8e4) Importer(815301076,1909f56bfc062723c751e8b465ee728b) (PreviewImporter)[PhysX] Initialized MultithreadedTaskDispatcher with 8 workers.
[PhysX] Initialized MultithreadedTaskDispatcher with 8 workers.
 -> (artifact id: '2a8f592c21972d44c94f113c58ae65cb') in 0.1098287 seconds
Number of updated asset objects reloaded before import = 0Number of asset objects unloaded after import = 2

========================================================================
Received Import Request.
  Time since last request: 114.152323 seconds.
  path: Assets/AKCondinoO/Sims/Actors/Humanoid/Human/_3D/_DAZ/MorphableHumanFemaleG8/FBX/MorphableHumanFemaleG8.images/g8fbasemouthmapb_1005.jpg
  artifactKey: Guid(a16683413a803a1439d1d20264590fe7) Importer(815301076,1909f56bfc062723c751e8b465ee728b)
Start importing Assets/AKCondinoO/Sims/Actors/Humanoid/Human/_3D/_DAZ/MorphableHumanFemaleG8/FBX/MorphableHumanFemaleG8.images/g8fbasemouthmapb_1005.jpg using Guid(a16683413a803a1439d1d20264590fe7) Importer(815301076,1909f56bfc062723c751e8b465ee728b) (PreviewImporter)[PhysX] Initialized MultithreadedTaskDispatcher with 8 workers.
[PhysX] Initialized MultithreadedTaskDispatcher with 8 workers.
 -> (artifact id: '10b3dca8ab532571084f066adb79c7fe') in 0.0345524 seconds
Number of updated asset objects reloaded before import = 0Number of asset objects unloaded after import = 2

========================================================================
Received Import Request.
  Time since last request: 144.108682 seconds.
  path: Assets/AKCondinoO/Sims/Actors/Humanoid/Human/_3D/_Blender/MorphableHumanFemaleG8/FBX/Materials/Mouth.mat
  artifactKey: Guid(5bdf7806e0dfd8b459b9f020cd62e201) Importer(2089858483,0ecaa5967403d082aa24f35e1b516d23)
Start importing Assets/AKCondinoO/Sims/Actors/Humanoid/Human/_3D/_Blender/MorphableHumanFemaleG8/FBX/Materials/Mouth.mat using Guid(5bdf7806e0dfd8b459b9f020cd62e201) Importer(2089858483,0ecaa5967403d082aa24f35e1b516d23) (ScriptedImporter)[PhysX] Initialized MultithreadedTaskDispatcher with 8 workers.
 -> (artifact id: '7ed22b5e4a72d159e0006a3985166e45') in 0.1738136 seconds
Number of updated asset objects reloaded before import = 1Number of asset objects unloaded after import = 3

========================================================================
Received Import Request.
  Time since last request: 0.000037 seconds.
  path: Assets/AKCondinoO/Sims/Actors/Humanoid/Human/_3D/_Blender/MorphableHumanFemaleG8/FBX/Materials/Torso.mat
  artifactKey: Guid(99b9b4ff2ac8ed64c88d624fd7d99e04) Importer(2089858483,0ecaa5967403d082aa24f35e1b516d23)
Start importing Assets/AKCondinoO/Sims/Actors/Humanoid/Human/_3D/_Blender/MorphableHumanFemaleG8/FBX/Materials/Torso.mat using Guid(99b9b4ff2ac8ed64c88d624fd7d99e04) Importer(2089858483,0ecaa5967403d082aa24f35e1b516d23) (ScriptedImporter)[PhysX] Initialized MultithreadedTaskDispatcher with 8 workers.
 -> (artifact id: '6f44b6fe2930df02391bf29057ef1d71') in 0.0350424 seconds
Number of updated asset objects reloaded before import = 0Number of asset objects unloaded after import = 4

========================================================================
Received Import Request.
  Time since last request: 0.000043 seconds.
  path: Assets/AKCondinoO/Sims/Actors/Humanoid/Human/_3D/_Blender/MorphableHumanFemaleG8/FBX/Materials/Legs.mat
  artifactKey: Guid(37eae7c91c86b9d4e84703f31e10c18c) Importer(2089858483,0ecaa5967403d082aa24f35e1b516d23)
Start importing Assets/AKCondinoO/Sims/Actors/Humanoid/Human/_3D/_Blender/MorphableHumanFemaleG8/FBX/Materials/Legs.mat using Guid(37eae7c91c86b9d4e84703f31e10c18c) Importer(2089858483,0ecaa5967403d082aa24f35e1b516d23) (ScriptedImporter)[PhysX] Initialized MultithreadedTaskDispatcher with 8 workers.
 -> (artifact id: 'd12886e03805f4c0d71dec981454fc00') in 0.0308695 seconds
Number of updated asset objects reloaded before import = 0Number of asset objects unloaded after import = 4

========================================================================
Received Import Request.
  Time since last request: 0.000025 seconds.
  path: Assets/Scenes/MainScene.unity
  artifactKey: Guid(9fc0d4010bbf28b4594072e72b8655ab) Importer(2089858483,0ecaa5967403d082aa24f35e1b516d23)
Start importing Assets/Scenes/MainScene.unity using Guid(9fc0d4010bbf28b4594072e72b8655ab) Importer(2089858483,0ecaa5967403d082aa24f35e1b516d23) (ScriptedImporter)[PhysX] Initialized MultithreadedTaskDispatcher with 8 workers.
 -> (artifact id: 'e30f0907fa906efb0549f3485c2c7c6c') in 0.0186087 seconds
Number of updated asset objects reloaded before import = 0Number of asset objects unloaded after import = 1

========================================================================
Received Import Request.
  Time since last request: 0.000202 seconds.
  path: Assets/AKCondinoO/Sims/Actors/Humanoid/Human/_3D/_Blender/MorphableHumanFemaleG8/FBX/Materials/Cornea.mat
  artifactKey: Guid(79479338b4c3b774b8257d9f24d4707d) Importer(2089858483,0ecaa5967403d082aa24f35e1b516d23)
Start importing Assets/AKCondinoO/Sims/Actors/Humanoid/Human/_3D/_Blender/MorphableHumanFemaleG8/FBX/Materials/Cornea.mat using Guid(79479338b4c3b774b8257d9f24d4707d) Importer(2089858483,0ecaa5967403d082aa24f35e1b516d23) (ScriptedImporter)[PhysX] Initialized MultithreadedTaskDispatcher with 8 workers.
 -> (artifact id: '099936e2a726bc22c4e349bdddf99658') in 0.0198359 seconds
Number of updated asset objects reloaded before import = 0Number of asset objects unloaded after import = 1

========================================================================
Received Import Request.
  Time since last request: 0.000103 seconds.
  path: Assets/AddressableAssetsData/AddressableAssetSettings.asset
  artifactKey: Guid(0882772a909c8be44a90fe6b73fd879c) Importer(2089858483,0ecaa5967403d082aa24f35e1b516d23)
Start importing Assets/AddressableAssetsData/AddressableAssetSettings.asset using Guid(0882772a909c8be44a90fe6b73fd879c) Importer(2089858483,0ecaa5967403d082aa24f35e1b516d23) (ScriptedImporter)[PhysX] Initialized MultithreadedTaskDispatcher with 8 workers.
 -> (artifact id: '0c71133417b407d21c9a80242076baf0') in 0.0609642 seconds
Number of updated asset objects reloaded before import = 0Number of asset objects unloaded after import = 1

Editor requested this worker to shutdown with reason: Scaling down because of idle timeout
AssetImportWorker is now disconnected from the server
Process exiting
Exiting without the bug reporter. Application will terminate with return code 0