
=== Tue Dec 26 03:15:58 2023

Packages were changed.
Update Mode: updateDependencies

The following packages were updated:
  com.unity.addressables from version 1.21.15 to 1.21.19
  com.unity.ai.navigation from version 1.1.4 to 1.1.5
  com.unity.collab-proxy from version 2.0.7 to 2.2.0
  com.unity.ide.rider from version 3.0.24 to 3.0.27
  com.unity.ide.visualstudio from version 2.0.20 to 2.0.22
  com.unity.memoryprofiler from version 1.0.0 to 1.1.0
  com.unity.netcode.gameobjects from version 1.5.2 to 1.7.1
  com.unity.timeline from version 1.7.5 to 1.7.6
  com.unity.visualscripting from version 1.8.0 to 1.9.1

=== Sat Mar  2 19:01:14 2024

Packages were changed.
Update Mode: updateDependencies

The following packages were added:
  com.unity.modules.accessibility@1.0.0
The following packages were updated:
  com.unity.ai.navigation from version 1.1.5 to 2.0.0
  com.unity.netcode.gameobjects from version 1.7.1 to 1.8.0
  com.unity.postprocessing from version 3.2.2 to 3.4.0
  com.unity.test-framework from version 1.3.1 to 1.3.9
  com.unity.timeline from version 1.7.6 to 1.8.6
  com.unity.ugui from version 1.0.0 to 2.0.0
The following packages were removed:
  com.unity.textmeshpro@3.0.6

=== Wed Apr 24 21:32:37 2024

Packages were changed.
Update Mode: updateDependencies

The following packages were updated:
  com.unity.collab-proxy from version 2.2.0 to 2.3.1
